[2016-01-02 21:17:26] pushsender.DEBUG: xxx [] []
[2016-01-02 21:18:42] pushsender.DEBUG: xxx [] []
[2016-01-02 21:18:42] pushsender.DEBUG: another [] []
[2016-01-02 21:18:59] pushsender.DEBUG: xxx [] []
[2016-01-02 21:18:59] pushsender.DEBUG: another [] []
[2016-01-02 21:18:59] pushsender.DEBUG: Array [] []
[2016-01-02 21:31:11] pushsender.DEBUG: swirly [] []
[2016-01-02 21:46:53] pushsender.DEBUG: Trying to add to queueu!!!!! [] []
[2016-01-02 21:46:53] pushsender.DEBUG: Civix\CoreBundle\Service\PushSender sendGroupAnnouncementPush [] []
[2016-01-02 21:46:53] pushsender.DEBUG: swirly [] []
[2016-01-02 21:50:18] pushsender.DEBUG: Trying to add to queueu!!!!! [] []
[2016-01-02 21:50:18] pushsender.DEBUG: Civix\CoreBundle\Service\PushSender sendGroupAnnouncementPush [] []
[2016-01-02 21:52:08] pushsender.DEBUG: Trying to add to queueu!!!!! [] []
[2016-01-02 21:52:08] pushsender.DEBUG: Civix\CoreBundle\Service\PushSender sendGroupAnnouncementPush [] []
[2016-01-02 21:52:53] pushsender.DEBUG: Trying to add to queueu!!!!! [] []
[2016-01-02 21:52:53] pushsender.DEBUG: Civix\CoreBundle\Service\PushSender sendGroupAnnouncementPush [] []
[2016-01-02 21:55:00] pushsender.DEBUG: Trying to add to queueu!!!!! [] []
[2016-01-02 21:55:00] pushsender.DEBUG: Civix\CoreBundle\Service\PushSender sendGroupAnnouncementPush [] []
[2016-01-02 22:05:24] pushsender.DEBUG: swirly [] []
[2016-01-02 22:05:25] pushsender.DEBUG: I foudn the message on the queue!!!!!!!!!!!! [] []
[2016-01-02 22:11:59] pushsender.DEBUG: swirly [] []
[2016-01-02 22:12:15] pushsender.DEBUG: Trying to add to queueu!!!!! [] []
[2016-01-02 22:12:15] pushsender.DEBUG: Civix\CoreBundle\Service\PushSender sendGroupAnnouncementPush [] []
[2016-01-02 22:16:59] pushsender.DEBUG: Trying to add to queueu!!!!! [] []
[2016-01-02 22:16:59] pushsender.DEBUG: Civix\CoreBundle\Service\PushSender sendGroupAnnouncementPush [] []
[2016-01-02 22:18:18] pushsender.DEBUG: Trying to add to queueu!!!!! [] []
[2016-01-02 22:18:18] pushsender.DEBUG: Civix\CoreBundle\Service\PushSender sendGroupAnnouncementPush [] []
[2016-01-02 22:19:28] pushsender.DEBUG: Trying to add to queueu!!!!! [] []
[2016-01-02 22:19:28] pushsender.DEBUG: Civix\CoreBundle\Service\PushSender sendGroupAnnouncementPush [] []
[2016-01-02 22:23:27] pushsender.DEBUG: swirly [] []
[2016-01-02 22:23:28] pushsender.DEBUG: EXECUTE!!!!!!!! [] []
[2016-01-02 22:43:14] pushsender.DEBUG: swirly [] []
[2016-01-02 22:43:14] pushsender.DEBUG: EXECUTE!!!!!!!! [] []
[2016-01-02 22:43:14] pushsender.DEBUG: EXECUTE!!!!!!!! [] []
[2016-01-02 22:43:28] pushsender.DEBUG: Trying to add to queueu!!!!! [] []
[2016-01-02 22:43:28] pushsender.DEBUG: Civix\CoreBundle\Service\PushSender sendGroupAnnouncementPush [] []
[2016-01-02 22:43:28] pushsender.DEBUG: EXECUTE!!!!!!!! [] []
[2016-01-02 22:44:17] pushsender.DEBUG: Trying to add to queueu!!!!! [] []
[2016-01-02 22:44:17] pushsender.DEBUG: Civix\CoreBundle\Service\PushSender sendGroupAnnouncementPush [] []
[2016-01-02 22:44:17] pushsender.DEBUG: EXECUTE!!!!!!!! [] []
[2016-01-02 22:45:18] pushsender.DEBUG: swirly [] []
[2016-01-02 22:48:01] pushsender.DEBUG: swirly [] []
[2016-01-02 23:01:36] pushsender.DEBUG: Trying to add to queueu!!!!! [] []
[2016-01-02 23:01:36] pushsender.DEBUG: Civix\CoreBundle\Service\PushSender sendGroupAnnouncementPush [] []
[2016-01-02 23:01:36] pushsender.DEBUG: EXECUTE!!!!!!!! [] []
[2016-01-02 23:02:38] pushsender.DEBUG: Trying to add to queueu!!!!! [] []
[2016-01-02 23:02:38] pushsender.DEBUG: Civix\CoreBundle\Service\PushSender sendGroupAnnouncementPush [] []
[2016-01-02 23:04:05] pushsender.DEBUG: Trying to add to queueu!!!!! [] []
[2016-01-02 23:04:05] pushsender.DEBUG: Civix\CoreBundle\Service\PushSender sendGroupAnnouncementPush [] []
[2016-01-02 23:15:00] pushsender.DEBUG: Trying to add to queueu!!!!! [] []
[2016-01-02 23:15:00] pushsender.DEBUG: Civix\CoreBundle\Service\PushSender sendGroupAnnouncementPush [] []
[2016-01-03 02:22:57] pushsender.DEBUG: swirly [] []
[2016-01-03 02:23:31] pushsender.DEBUG: Trying to add to queueu!!!!! [] []
[2016-01-03 02:23:31] pushsender.DEBUG: Civix\CoreBundle\Service\PushSender sendGroupAnnouncementPush [] []
[2016-01-03 02:23:31] pushsender.DEBUG: EXECUTE!!!!!!!! [] []
[2016-01-03 02:33:32] pushsender.DEBUG: swirly [] []
[2016-01-03 02:33:33] pushsender.DEBUG: EXECUTE!!!!!!!! [] []
[2016-01-03 02:35:14] pushsender.DEBUG: swirly [] []
[2016-01-03 02:35:14] pushsender.DEBUG: EXECUTE!!!!!!!! [] []
[2016-01-03 02:36:29] pushsender.DEBUG: swirly [] []
[2016-01-03 02:36:29] pushsender.DEBUG: EXECUTE!!!!!!!! [] []
[2016-01-03 02:46:03] pushsender.DEBUG: swirly [] []
[2016-01-03 02:46:37] pushsender.DEBUG: swirly [] []
[2016-01-03 02:47:26] pushsender.DEBUG: swirly [] []
[2016-01-03 02:47:27] pushsender.DEBUG: EXECUTE!!!!!!!! [] []
[2016-01-03 02:49:21] pushsender.DEBUG: swirly [] []
[2016-01-03 02:52:57] pushsender.DEBUG: Trying to add to queueu!!!!! [] []
[2016-01-03 02:52:57] pushsender.DEBUG: Civix\CoreBundle\Service\PushSender sendGroupAnnouncementPush [] []
[2016-01-03 02:54:13] pushsender.DEBUG: swirly [] []
[2016-01-03 02:54:13] pushsender.DEBUG: EXECUTE!!!!!!!! [] []
[2016-01-03 02:54:15] pushsender.DEBUG: swirly [] []
[2016-01-03 02:54:15] pushsender.DEBUG: EXECUTE!!!!!!!! [] []
[2016-01-03 02:54:17] pushsender.DEBUG: swirly [] []
[2016-01-03 02:54:17] pushsender.DEBUG: EXECUTE!!!!!!!! [] []
[2016-01-03 02:54:20] pushsender.DEBUG: swirly [] []
[2016-01-03 02:54:20] pushsender.DEBUG: EXECUTE!!!!!!!! [] []
[2016-01-03 02:54:24] pushsender.DEBUG: swirly [] []
[2016-01-03 02:54:25] pushsender.DEBUG: EXECUTE!!!!!!!! [] []
[2016-01-03 02:54:30] pushsender.DEBUG: swirly [] []
[2016-01-03 02:54:30] pushsender.DEBUG: EXECUTE!!!!!!!! [] []
[2016-01-03 02:54:36] pushsender.DEBUG: swirly [] []
[2016-01-03 02:54:36] pushsender.DEBUG: EXECUTE!!!!!!!! [] []
[2016-01-03 02:54:44] pushsender.DEBUG: swirly [] []
[2016-01-03 02:54:44] pushsender.DEBUG: EXECUTE!!!!!!!! [] []
[2016-01-03 02:54:52] pushsender.DEBUG: swirly [] []
[2016-01-03 02:54:52] pushsender.DEBUG: EXECUTE!!!!!!!! [] []
[2016-01-03 02:55:02] pushsender.DEBUG: swirly [] []
[2016-01-03 02:55:02] pushsender.DEBUG: EXECUTE!!!!!!!! [] []
[2016-01-03 02:55:12] pushsender.DEBUG: swirly [] []
[2016-01-03 02:55:12] pushsender.DEBUG: EXECUTE!!!!!!!! [] []
[2016-01-03 02:55:24] pushsender.DEBUG: swirly [] []
[2016-01-03 02:55:38] pushsender.DEBUG: Trying to add to queueu!!!!! [] []
[2016-01-03 02:55:38] pushsender.DEBUG: Civix\CoreBundle\Service\PushSender sendGroupAnnouncementPush [] []
[2016-01-03 02:55:38] pushsender.DEBUG: EXECUTE!!!!!!!! [] []
[2016-01-03 02:55:40] pushsender.DEBUG: swirly [] []
[2016-01-03 02:55:40] pushsender.DEBUG: EXECUTE!!!!!!!! [] []
[2016-01-03 02:55:42] pushsender.DEBUG: swirly [] []
[2016-01-03 02:55:42] pushsender.DEBUG: EXECUTE!!!!!!!! [] []
[2016-01-03 02:55:45] pushsender.DEBUG: swirly [] []
[2016-01-03 02:55:45] pushsender.DEBUG: EXECUTE!!!!!!!! [] []
[2016-01-03 02:55:48] pushsender.DEBUG: swirly [] []
[2016-01-03 02:55:48] pushsender.DEBUG: EXECUTE!!!!!!!! [] []
[2016-01-03 02:55:52] pushsender.DEBUG: swirly [] []
[2016-01-03 02:55:52] pushsender.DEBUG: EXECUTE!!!!!!!! [] []
[2016-01-03 02:55:58] pushsender.DEBUG: swirly [] []
[2016-01-03 02:55:58] pushsender.DEBUG: EXECUTE!!!!!!!! [] []
[2016-01-03 02:56:04] pushsender.DEBUG: swirly [] []
[2016-01-03 02:56:04] pushsender.DEBUG: EXECUTE!!!!!!!! [] []
[2016-01-03 03:02:25] pushsender.DEBUG: swirly [] []
[2016-01-03 03:02:25] pushsender.DEBUG: EXECUTE!!!!!!!! [] []
[2016-01-03 03:02:25] pushsender.DEBUG: asdfa [] []
[2016-01-03 03:02:44] pushsender.DEBUG: swirly [] []
[2016-01-03 03:02:44] pushsender.DEBUG: EXECUTE!!!!!!!! [] []
[2016-01-03 03:02:44] pushsender.DEBUG: asdfa [] []
[2016-01-03 03:05:03] pushsender.DEBUG: Trying to add to queueu!!!!! [] []
[2016-01-03 03:05:03] pushsender.DEBUG: Civix\CoreBundle\Service\PushSender sendGroupAnnouncementPush [] []
[2016-01-03 03:06:51] pushsender.DEBUG: swirly [] []
[2016-01-03 03:06:51] pushsender.DEBUG: EXECUTE!!!!!!!! [] []
[2016-01-03 03:06:51] pushsender.DEBUG: asdfa [] []
[2016-01-03 03:08:24] pushsender.DEBUG: swirly [] []
[2016-01-03 03:08:24] pushsender.DEBUG: EXECUTE!!!!!!!! [] []
[2016-01-03 03:08:24] pushsender.DEBUG: asdfa [] []
[2016-01-03 03:10:03] pushsender.DEBUG: swirly [] []
[2016-01-03 03:11:54] pushsender.DEBUG: swirly [] []
[2016-01-03 03:11:54] pushsender.DEBUG: EXECUTE!!!!!!!! [] []
[2016-01-03 03:11:54] pushsender.DEBUG: asdfa [] []
[2016-01-03 04:01:31] pushsender.DEBUG: swirly [] []
[2016-01-03 04:01:54] pushsender.DEBUG: Trying to add to queueu!!!!! [] []
[2016-01-03 04:01:54] pushsender.DEBUG: Civix\CoreBundle\Service\PushSender sendGroupAnnouncementPush [] []
[2016-01-03 04:01:54] pushsender.DEBUG: EXECUTE!!!!!!!! [] []
[2016-01-03 04:01:54] pushsender.DEBUG: asdfa [] []
[2016-01-03 04:05:01] pushsender.DEBUG: swirly [] []
[2016-01-03 04:05:01] pushsender.DEBUG: EXECUTE!!!!!!!! [] []
[2016-01-03 04:05:01] pushsender.DEBUG: asdfa [] []
[2016-01-03 04:16:55] pushsender.DEBUG: Trying to add to queueu!!!!! [] []
[2016-01-03 04:16:55] pushsender.DEBUG: Civix\CoreBundle\Service\PushSender sendGroupAnnouncementPush [] []
[2016-01-03 04:17:58] pushsender.DEBUG: swirly [] []
[2016-01-03 04:18:10] pushsender.DEBUG: Trying to add to queueu!!!!! [] []
[2016-01-03 04:18:10] pushsender.DEBUG: Civix\CoreBundle\Service\PushSender sendGroupAnnouncementPush [] []
[2016-01-03 04:18:10] pushsender.DEBUG: EXECUTE!!!!!!!! [] []
[2016-01-03 04:18:10] pushsender.DEBUG: asdfa [] []
[2016-01-03 04:20:32] pushsender.DEBUG: Trying to add to queueu!!!!! [] []
[2016-01-03 04:20:32] pushsender.DEBUG: Civix\CoreBundle\Service\PushSender sendGroupAnnouncementPush [] []
[2016-01-03 04:22:55] pushsender.DEBUG: swirly [] []
[2016-01-03 04:22:55] pushsender.DEBUG: EXECUTE!!!!!!!! [] []
[2016-01-03 04:22:55] pushsender.DEBUG: asdfa [] []
[2016-01-03 04:22:55] pushsender.DEBUG: swirly [] []
[2016-01-03 04:22:55] pushsender.DEBUG: EXECUTE!!!!!!!! [] []
[2016-01-03 04:22:55] pushsender.DEBUG: asdfa [] []
[2016-01-03 04:22:55] pushsender.DEBUG: swirly [] []
[2016-01-03 04:23:42] pushsender.DEBUG: Trying to add to queueu!!!!! [] []
[2016-01-03 04:23:42] pushsender.DEBUG: Civix\CoreBundle\Service\PushSender sendGroupAnnouncementPush [] []
[2016-01-03 04:23:42] pushsender.DEBUG: EXECUTE!!!!!!!! [] []
[2016-01-03 04:23:42] pushsender.DEBUG: asdfa [] []
[2016-01-03 04:23:42] pushsender.DEBUG: swirly [] []
[2016-01-03 04:24:45] pushsender.DEBUG: Trying to add to queueu!!!!! [] []
[2016-01-03 04:24:45] pushsender.DEBUG: Civix\CoreBundle\Service\PushSender sendGroupAnnouncementPush [] []
[2016-01-03 04:24:45] pushsender.DEBUG: EXECUTE!!!!!!!! [] []
[2016-01-03 04:24:45] pushsender.DEBUG: asdfa [] []
[2016-01-03 04:24:45] pushsender.DEBUG: swirly [] []
[2016-01-03 04:27:31] pushsender.DEBUG: Trying to add to queueu!!!!! [] []
[2016-01-03 04:27:31] pushsender.DEBUG: Civix\CoreBundle\Service\PushSender sendGroupAnnouncementPush [] []
[2016-01-03 04:27:31] pushsender.DEBUG: EXECUTE!!!!!!!! [] []
[2016-01-03 04:27:31] pushsender.DEBUG: asdfa [] []
[2016-01-03 04:27:31] pushsender.DEBUG: swirly [] []
[2016-01-03 04:30:22] pushsender.DEBUG: EXECUTE!!!!!!!! [] []
[2016-01-03 04:30:22] pushsender.DEBUG: asdfa [] []
[2016-01-03 21:42:34] pushsender.DEBUG: Trying to add to queueu!!!!! [] []
[2016-01-03 21:42:34] pushsender.DEBUG: Civix\CoreBundle\Service\PushSender sendGroupAnnouncementPush [] []
[2016-01-03 21:42:34] pushsender.DEBUG: EXECUTE!!!!!!!! [] []
[2016-01-03 21:42:34] pushsender.DEBUG: sweet lords [] []
[2016-01-03 21:42:34] pushsender.DEBUG: Array [] []
[2016-01-03 21:42:35] pushsender.DEBUG: EXECUTE!!!!!!!! [] []
[2016-01-03 21:42:35] pushsender.DEBUG: sweet lords [] []
[2016-01-03 21:42:35] pushsender.DEBUG: Array [] []
[2016-01-03 21:42:36] pushsender.DEBUG: EXECUTE!!!!!!!! [] []
[2016-01-03 21:42:36] pushsender.DEBUG: sweet lords [] []
[2016-01-03 21:42:36] pushsender.DEBUG: Array [] []
[2016-01-03 21:42:38] pushsender.DEBUG: EXECUTE!!!!!!!! [] []
[2016-01-03 21:42:38] pushsender.DEBUG: sweet lords [] []
[2016-01-03 21:42:38] pushsender.DEBUG: Array [] []
[2016-01-03 21:42:42] pushsender.DEBUG: EXECUTE!!!!!!!! [] []
[2016-01-03 21:42:42] pushsender.DEBUG: sweet lords [] []
[2016-01-03 21:42:42] pushsender.DEBUG: Array [] []
[2016-01-03 21:42:46] pushsender.DEBUG: EXECUTE!!!!!!!! [] []
[2016-01-03 21:42:46] pushsender.DEBUG: sweet lords [] []
[2016-01-03 21:42:46] pushsender.DEBUG: Array [] []
[2016-01-03 21:42:51] pushsender.DEBUG: EXECUTE!!!!!!!! [] []
[2016-01-03 21:42:51] pushsender.DEBUG: sweet lords [] []
[2016-01-03 21:42:51] pushsender.DEBUG: Array [] []
[2016-01-03 21:42:57] pushsender.DEBUG: EXECUTE!!!!!!!! [] []
[2016-01-03 21:42:57] pushsender.DEBUG: sweet lords [] []
[2016-01-03 21:42:57] pushsender.DEBUG: Array [] []
[2016-01-03 21:43:06] pushsender.DEBUG: EXECUTE!!!!!!!! [] []
[2016-01-03 21:43:06] pushsender.DEBUG: sweet lords [] []
[2016-01-03 21:43:06] pushsender.DEBUG: Array [] []
[2016-01-03 21:43:14] pushsender.DEBUG: EXECUTE!!!!!!!! [] []
[2016-01-03 21:43:14] pushsender.DEBUG: sweet lords [] []
[2016-01-03 21:43:14] pushsender.DEBUG: Array [] []
[2016-01-03 21:43:23] pushsender.DEBUG: EXECUTE!!!!!!!! [] []
[2016-01-03 21:43:23] pushsender.DEBUG: sweet lords [] []
[2016-01-03 21:43:23] pushsender.DEBUG: Array [] []
[2016-01-03 21:43:33] pushsender.DEBUG: EXECUTE!!!!!!!! [] []
[2016-01-03 21:43:33] pushsender.DEBUG: sweet lords [] []
[2016-01-03 21:43:33] pushsender.DEBUG: Array [] []
[2016-01-03 21:43:44] pushsender.DEBUG: EXECUTE!!!!!!!! [] []
[2016-01-03 21:43:44] pushsender.DEBUG: sweet lords [] []
[2016-01-03 21:43:44] pushsender.DEBUG: Array [] []
[2016-01-03 21:43:57] pushsender.DEBUG: EXECUTE!!!!!!!! [] []
[2016-01-03 21:43:57] pushsender.DEBUG: sweet lords [] []
[2016-01-03 21:43:57] pushsender.DEBUG: Array [] []
[2016-01-03 21:44:10] pushsender.DEBUG: EXECUTE!!!!!!!! [] []
[2016-01-03 21:44:10] pushsender.DEBUG: sweet lords [] []
[2016-01-03 21:44:10] pushsender.DEBUG: Array [] []
[2016-01-03 21:44:24] pushsender.DEBUG: EXECUTE!!!!!!!! [] []
[2016-01-03 21:44:24] pushsender.DEBUG: sweet lords [] []
[2016-01-03 21:44:24] pushsender.DEBUG: Array [] []
[2016-01-03 21:44:39] pushsender.DEBUG: EXECUTE!!!!!!!! [] []
[2016-01-03 21:44:39] pushsender.DEBUG: sweet lords [] []
[2016-01-03 21:44:39] pushsender.DEBUG: Array [] []
[2016-01-03 21:44:55] pushsender.DEBUG: EXECUTE!!!!!!!! [] []
[2016-01-03 21:44:55] pushsender.DEBUG: sweet lords [] []
[2016-01-03 21:44:55] pushsender.DEBUG: Array [] []
[2016-01-03 21:45:13] pushsender.DEBUG: EXECUTE!!!!!!!! [] []
[2016-01-03 21:45:13] pushsender.DEBUG: sweet lords [] []
[2016-01-03 21:45:13] pushsender.DEBUG: Array [] []
[2016-01-03 21:45:31] pushsender.DEBUG: EXECUTE!!!!!!!! [] []
[2016-01-03 21:45:31] pushsender.DEBUG: sweet lords [] []
[2016-01-03 21:45:31] pushsender.DEBUG: Array [] []
[2016-01-03 21:45:50] pushsender.DEBUG: EXECUTE!!!!!!!! [] []
[2016-01-03 21:45:50] pushsender.DEBUG: sweet lords [] []
[2016-01-03 21:45:50] pushsender.DEBUG: Array [] []
[2016-01-03 21:46:11] pushsender.DEBUG: EXECUTE!!!!!!!! [] []
[2016-01-03 21:46:11] pushsender.DEBUG: sweet lords [] []
[2016-01-03 21:46:11] pushsender.DEBUG: Array [] []
[2016-01-03 21:46:32] pushsender.DEBUG: EXECUTE!!!!!!!! [] []
[2016-01-03 21:46:32] pushsender.DEBUG: sweet lords [] []
[2016-01-03 21:46:32] pushsender.DEBUG: Array [] []
[2016-01-03 21:46:54] pushsender.DEBUG: EXECUTE!!!!!!!! [] []
[2016-01-03 21:46:54] pushsender.DEBUG: sweet lords [] []
[2016-01-03 21:46:54] pushsender.DEBUG: Array [] []
[2016-01-03 21:47:18] pushsender.DEBUG: EXECUTE!!!!!!!! [] []
[2016-01-03 21:47:18] pushsender.DEBUG: sweet lords [] []
[2016-01-03 21:47:42] pushsender.DEBUG: EXECUTE!!!!!!!! [] []
[2016-01-03 21:47:42] pushsender.DEBUG: sweet lords [] []
[2016-01-03 21:47:42] pushsender.DEBUG: asdfasfda [] []
[2016-01-03 21:48:08] pushsender.DEBUG: EXECUTE!!!!!!!! [] []
[2016-01-03 21:48:08] pushsender.DEBUG: sweet lords [] []
[2016-01-03 21:48:34] pushsender.DEBUG: EXECUTE!!!!!!!! [] []
[2016-01-03 21:48:34] pushsender.DEBUG: sweet lords [] []
[2016-01-03 21:49:01] pushsender.DEBUG: EXECUTE!!!!!!!! [] []
[2016-01-03 21:49:01] pushsender.DEBUG: sweet lords [] []
[2016-01-03 21:49:30] pushsender.DEBUG: EXECUTE!!!!!!!! [] []
[2016-01-03 21:49:30] pushsender.DEBUG: sweet lords [] []
[2016-01-03 21:49:59] pushsender.DEBUG: EXECUTE!!!!!!!! [] []
[2016-01-03 21:49:59] pushsender.DEBUG: sweet lords [] []
[2016-01-03 21:50:30] pushsender.DEBUG: EXECUTE!!!!!!!! [] []
[2016-01-03 21:50:30] pushsender.DEBUG: sweet lords [] []
[2016-01-03 21:51:01] pushsender.DEBUG: EXECUTE!!!!!!!! [] []
[2016-01-03 21:51:01] pushsender.DEBUG: sweet lords [] []
[2016-01-03 21:51:34] pushsender.DEBUG: EXECUTE!!!!!!!! [] []
[2016-01-03 21:51:34] pushsender.DEBUG: sweet lords [] []
[2016-01-03 21:52:08] pushsender.DEBUG: EXECUTE!!!!!!!! [] []
[2016-01-03 21:52:08] pushsender.DEBUG: sweet lords [] []
[2016-01-03 21:52:42] pushsender.DEBUG: EXECUTE!!!!!!!! [] []
[2016-01-03 21:52:42] pushsender.DEBUG: sweet lords [] []
[2016-01-03 21:53:18] pushsender.DEBUG: EXECUTE!!!!!!!! [] []
[2016-01-03 21:53:18] pushsender.DEBUG: sweet lords [] []
[2016-01-03 21:53:54] pushsender.DEBUG: EXECUTE!!!!!!!! [] []
[2016-01-03 21:53:54] pushsender.DEBUG: sweet lords [] []
[2016-01-03 21:54:32] pushsender.DEBUG: EXECUTE!!!!!!!! [] []
[2016-01-03 21:54:32] pushsender.DEBUG: sweet lords [] []
[2016-01-03 21:55:11] pushsender.DEBUG: EXECUTE!!!!!!!! [] []
[2016-01-03 21:55:11] pushsender.DEBUG: sweet lords [] []
[2016-01-03 21:55:50] pushsender.DEBUG: EXECUTE!!!!!!!! [] []
[2016-01-03 21:55:50] pushsender.DEBUG: sweet lords [] []
[2016-01-03 21:56:31] pushsender.DEBUG: EXECUTE!!!!!!!! [] []
[2016-01-03 21:56:31] pushsender.DEBUG: sweet lords [] []
[2016-01-03 21:57:13] pushsender.DEBUG: EXECUTE!!!!!!!! [] []
[2016-01-03 21:57:13] pushsender.DEBUG: sweet lords [] []
[2016-01-03 21:57:55] pushsender.DEBUG: EXECUTE!!!!!!!! [] []
[2016-01-03 21:57:55] pushsender.DEBUG: sweet lords [] []
[2016-01-03 21:58:39] pushsender.DEBUG: EXECUTE!!!!!!!! [] []
[2016-01-03 21:58:39] pushsender.DEBUG: sweet lords [] []
[2016-01-03 21:59:24] pushsender.DEBUG: EXECUTE!!!!!!!! [] []
[2016-01-03 21:59:24] pushsender.DEBUG: sweet lords [] []
[2016-01-03 22:00:10] pushsender.DEBUG: EXECUTE!!!!!!!! [] []
[2016-01-03 22:00:10] pushsender.DEBUG: sweet lords [] []
[2016-01-03 22:00:56] pushsender.DEBUG: EXECUTE!!!!!!!! [] []
[2016-01-03 22:00:56] pushsender.DEBUG: sweet lords [] []
[2016-01-03 22:01:44] pushsender.DEBUG: EXECUTE!!!!!!!! [] []
[2016-01-03 22:01:44] pushsender.DEBUG: sweet lords [] []
[2016-01-03 22:02:33] pushsender.DEBUG: EXECUTE!!!!!!!! [] []
[2016-01-03 22:02:33] pushsender.DEBUG: sweet lords [] []
[2016-01-03 22:03:23] pushsender.DEBUG: EXECUTE!!!!!!!! [] []
[2016-01-03 22:03:23] pushsender.DEBUG: sweet lords [] []
[2016-01-03 22:04:14] pushsender.DEBUG: EXECUTE!!!!!!!! [] []
[2016-01-03 22:04:14] pushsender.DEBUG: sweet lords [] []
[2016-01-03 22:05:06] pushsender.DEBUG: EXECUTE!!!!!!!! [] []
[2016-01-03 22:05:06] pushsender.DEBUG: sweet lords [] []
[2016-01-03 22:05:58] pushsender.DEBUG: EXECUTE!!!!!!!! [] []
[2016-01-03 22:05:58] pushsender.DEBUG: sweet lords [] []
[2016-01-03 22:06:52] pushsender.DEBUG: EXECUTE!!!!!!!! [] []
[2016-01-03 22:06:52] pushsender.DEBUG: sweet lords [] []
[2016-01-03 22:07:47] pushsender.DEBUG: EXECUTE!!!!!!!! [] []
[2016-01-03 22:07:47] pushsender.DEBUG: sweet lords [] []
[2016-01-03 22:08:43] pushsender.DEBUG: EXECUTE!!!!!!!! [] []
[2016-01-03 22:08:43] pushsender.DEBUG: sweet lords [] []
[2016-01-03 22:09:40] pushsender.DEBUG: EXECUTE!!!!!!!! [] []
[2016-01-03 22:09:40] pushsender.DEBUG: sweet lords [] []
[2016-01-03 22:10:38] pushsender.DEBUG: EXECUTE!!!!!!!! [] []
[2016-01-03 22:10:38] pushsender.DEBUG: sweet lords [] []
[2016-01-03 22:11:37] pushsender.DEBUG: EXECUTE!!!!!!!! [] []
[2016-01-03 22:11:37] pushsender.DEBUG: sweet lords [] []
[2016-01-03 22:12:37] pushsender.DEBUG: EXECUTE!!!!!!!! [] []
[2016-01-03 22:12:37] pushsender.DEBUG: sweet lords [] []
[2016-01-03 22:13:38] pushsender.DEBUG: EXECUTE!!!!!!!! [] []
[2016-01-03 22:13:38] pushsender.DEBUG: sweet lords [] []
[2016-01-03 22:14:40] pushsender.DEBUG: EXECUTE!!!!!!!! [] []
[2016-01-03 22:14:40] pushsender.DEBUG: sweet lords [] []
[2016-01-03 22:15:43] pushsender.DEBUG: EXECUTE!!!!!!!! [] []
[2016-01-03 22:15:43] pushsender.DEBUG: sweet lords [] []
[2016-01-03 22:16:47] pushsender.DEBUG: EXECUTE!!!!!!!! [] []
[2016-01-03 22:16:47] pushsender.DEBUG: sweet lords [] []
[2016-01-03 22:17:52] pushsender.DEBUG: EXECUTE!!!!!!!! [] []
[2016-01-03 22:17:52] pushsender.DEBUG: sweet lords [] []
[2016-01-03 22:18:58] pushsender.DEBUG: EXECUTE!!!!!!!! [] []
[2016-01-03 22:18:58] pushsender.DEBUG: sweet lords [] []
[2016-01-03 22:20:05] pushsender.DEBUG: EXECUTE!!!!!!!! [] []
[2016-01-03 22:20:05] pushsender.DEBUG: sweet lords [] []
[2016-01-03 22:21:13] pushsender.DEBUG: EXECUTE!!!!!!!! [] []
[2016-01-03 22:21:13] pushsender.DEBUG: sweet lords [] []
[2016-01-03 22:22:22] pushsender.DEBUG: EXECUTE!!!!!!!! [] []
[2016-01-03 22:22:22] pushsender.DEBUG: sweet lords [] []
[2016-01-03 22:23:32] pushsender.DEBUG: EXECUTE!!!!!!!! [] []
[2016-01-03 22:23:32] pushsender.DEBUG: sweet lords [] []
[2016-01-03 22:24:43] pushsender.DEBUG: EXECUTE!!!!!!!! [] []
[2016-01-03 22:24:43] pushsender.DEBUG: sweet lords [] []
[2016-01-03 22:25:55] pushsender.DEBUG: EXECUTE!!!!!!!! [] []
[2016-01-03 22:25:55] pushsender.DEBUG: sweet lords [] []
[2016-01-03 22:27:08] pushsender.DEBUG: EXECUTE!!!!!!!! [] []
[2016-01-03 22:27:08] pushsender.DEBUG: sweet lords [] []
[2016-01-03 22:28:22] pushsender.DEBUG: EXECUTE!!!!!!!! [] []
[2016-01-03 22:28:22] pushsender.DEBUG: sweet lords [] []
[2016-01-03 22:29:37] pushsender.DEBUG: EXECUTE!!!!!!!! [] []
[2016-01-03 22:29:37] pushsender.DEBUG: sweet lords [] []
[2016-01-03 22:30:53] pushsender.DEBUG: EXECUTE!!!!!!!! [] []
[2016-01-03 22:30:53] pushsender.DEBUG: sweet lords [] []
[2016-01-03 22:32:10] pushsender.DEBUG: EXECUTE!!!!!!!! [] []
[2016-01-03 22:32:10] pushsender.DEBUG: sweet lords [] []
[2016-01-03 22:33:28] pushsender.DEBUG: EXECUTE!!!!!!!! [] []
[2016-01-03 22:33:28] pushsender.DEBUG: sweet lords [] []
[2016-01-03 22:34:47] pushsender.DEBUG: EXECUTE!!!!!!!! [] []
[2016-01-03 22:34:47] pushsender.DEBUG: sweet lords [] []
[2016-01-03 22:36:07] pushsender.DEBUG: EXECUTE!!!!!!!! [] []
[2016-01-03 22:36:07] pushsender.DEBUG: sweet lords [] []
[2016-01-03 22:37:28] pushsender.DEBUG: EXECUTE!!!!!!!! [] []
[2016-01-03 22:37:28] pushsender.DEBUG: sweet lords [] []
[2016-01-03 22:38:50] pushsender.DEBUG: EXECUTE!!!!!!!! [] []
[2016-01-03 22:38:50] pushsender.DEBUG: sweet lords [] []
[2016-01-03 22:40:13] pushsender.DEBUG: EXECUTE!!!!!!!! [] []
[2016-01-03 22:40:13] pushsender.DEBUG: sweet lords [] []
[2016-01-03 22:41:37] pushsender.DEBUG: EXECUTE!!!!!!!! [] []
[2016-01-03 22:41:37] pushsender.DEBUG: sweet lords [] []
[2016-01-03 22:43:02] pushsender.DEBUG: EXECUTE!!!!!!!! [] []
[2016-01-03 22:43:02] pushsender.DEBUG: sweet lords [] []
[2016-01-03 22:44:28] pushsender.DEBUG: EXECUTE!!!!!!!! [] []
[2016-01-03 22:44:28] pushsender.DEBUG: sweet lords [] []
[2016-01-03 22:45:55] pushsender.DEBUG: EXECUTE!!!!!!!! [] []
[2016-01-03 22:45:55] pushsender.DEBUG: sweet lords [] []
[2016-01-03 22:47:23] pushsender.DEBUG: EXECUTE!!!!!!!! [] []
[2016-01-03 22:47:23] pushsender.DEBUG: sweet lords [] []
[2016-01-03 22:48:52] pushsender.DEBUG: EXECUTE!!!!!!!! [] []
[2016-01-03 22:48:52] pushsender.DEBUG: sweet lords [] []
[2016-01-03 22:50:22] pushsender.DEBUG: EXECUTE!!!!!!!! [] []
[2016-01-03 22:50:22] pushsender.DEBUG: sweet lords [] []
[2016-01-03 22:51:53] pushsender.DEBUG: EXECUTE!!!!!!!! [] []
[2016-01-03 22:51:53] pushsender.DEBUG: sweet lords [] []
[2016-01-03 22:53:25] pushsender.DEBUG: EXECUTE!!!!!!!! [] []
[2016-01-03 22:53:25] pushsender.DEBUG: sweet lords [] []
[2016-01-03 22:54:58] pushsender.DEBUG: EXECUTE!!!!!!!! [] []
[2016-01-03 22:54:58] pushsender.DEBUG: sweet lords [] []
[2016-01-03 22:56:32] pushsender.DEBUG: EXECUTE!!!!!!!! [] []
[2016-01-03 22:56:32] pushsender.DEBUG: sweet lords [] []
[2016-01-03 22:58:07] pushsender.DEBUG: EXECUTE!!!!!!!! [] []
[2016-01-03 22:58:07] pushsender.DEBUG: sweet lords [] []
[2016-01-03 22:59:43] pushsender.DEBUG: EXECUTE!!!!!!!! [] []
[2016-01-03 22:59:43] pushsender.DEBUG: sweet lords [] []
[2016-01-03 23:01:20] pushsender.DEBUG: EXECUTE!!!!!!!! [] []
[2016-01-03 23:01:20] pushsender.DEBUG: sweet lords [] []
[2016-01-03 23:02:58] pushsender.DEBUG: EXECUTE!!!!!!!! [] []
[2016-01-03 23:02:58] pushsender.DEBUG: sweet lords [] []
[2016-01-03 23:04:37] pushsender.DEBUG: EXECUTE!!!!!!!! [] []
[2016-01-03 23:04:37] pushsender.DEBUG: sweet lords [] []
[2016-01-03 23:06:17] pushsender.DEBUG: EXECUTE!!!!!!!! [] []
[2016-01-03 23:06:17] pushsender.DEBUG: sweet lords [] []
[2016-01-03 23:07:58] pushsender.DEBUG: EXECUTE!!!!!!!! [] []
[2016-01-03 23:07:58] pushsender.DEBUG: sweet lords [] []
[2016-01-03 23:09:40] pushsender.DEBUG: EXECUTE!!!!!!!! [] []
[2016-01-03 23:09:40] pushsender.DEBUG: sweet lords [] []
[2016-01-03 23:11:23] pushsender.DEBUG: EXECUTE!!!!!!!! [] []
[2016-01-03 23:11:23] pushsender.DEBUG: sweet lords [] []
[2016-01-03 23:13:07] pushsender.DEBUG: EXECUTE!!!!!!!! [] []
[2016-01-03 23:13:07] pushsender.DEBUG: sweet lords [] []
[2016-01-03 23:14:52] pushsender.DEBUG: EXECUTE!!!!!!!! [] []
[2016-01-03 23:14:52] pushsender.DEBUG: sweet lords [] []
[2016-01-03 23:16:38] pushsender.DEBUG: EXECUTE!!!!!!!! [] []
[2016-01-03 23:16:38] pushsender.DEBUG: sweet lords [] []
[2016-01-03 23:18:25] pushsender.DEBUG: EXECUTE!!!!!!!! [] []
[2016-01-03 23:18:25] pushsender.DEBUG: sweet lords [] []
[2016-01-03 23:20:13] pushsender.DEBUG: EXECUTE!!!!!!!! [] []
[2016-01-03 23:20:13] pushsender.DEBUG: sweet lords [] []
[2016-01-03 23:22:03] pushsender.DEBUG: EXECUTE!!!!!!!! [] []
[2016-01-03 23:22:03] pushsender.DEBUG: sweet lords [] []
[2016-01-03 23:23:53] pushsender.DEBUG: EXECUTE!!!!!!!! [] []
[2016-01-03 23:23:53] pushsender.DEBUG: sweet lords [] []
[2016-01-03 23:25:44] pushsender.DEBUG: EXECUTE!!!!!!!! [] []
[2016-01-03 23:25:44] pushsender.DEBUG: sweet lords [] []
[2016-01-03 23:27:36] pushsender.DEBUG: EXECUTE!!!!!!!! [] []
[2016-01-03 23:27:36] pushsender.DEBUG: sweet lords [] []
[2016-01-03 23:29:29] pushsender.DEBUG: EXECUTE!!!!!!!! [] []
[2016-01-03 23:29:29] pushsender.DEBUG: sweet lords [] []
[2016-01-03 23:31:23] pushsender.DEBUG: EXECUTE!!!!!!!! [] []
[2016-01-03 23:31:23] pushsender.DEBUG: sweet lords [] []
[2016-01-03 23:33:18] pushsender.DEBUG: EXECUTE!!!!!!!! [] []
[2016-01-03 23:33:18] pushsender.DEBUG: sweet lords [] []
[2016-01-03 23:35:14] pushsender.DEBUG: EXECUTE!!!!!!!! [] []
[2016-01-03 23:35:14] pushsender.DEBUG: sweet lords [] []
[2016-01-03 23:37:11] pushsender.DEBUG: EXECUTE!!!!!!!! [] []
[2016-01-03 23:37:11] pushsender.DEBUG: sweet lords [] []
[2016-01-03 23:39:09] pushsender.DEBUG: EXECUTE!!!!!!!! [] []
[2016-01-03 23:39:09] pushsender.DEBUG: sweet lords [] []
[2016-01-03 23:41:08] pushsender.DEBUG: EXECUTE!!!!!!!! [] []
[2016-01-03 23:41:08] pushsender.DEBUG: sweet lords [] []
[2016-01-03 23:43:08] pushsender.DEBUG: EXECUTE!!!!!!!! [] []
[2016-01-03 23:43:08] pushsender.DEBUG: sweet lords [] []
[2016-01-03 23:45:09] pushsender.DEBUG: EXECUTE!!!!!!!! [] []
[2016-01-03 23:45:09] pushsender.DEBUG: sweet lords [] []
[2016-01-03 23:47:11] pushsender.DEBUG: EXECUTE!!!!!!!! [] []
[2016-01-03 23:47:11] pushsender.DEBUG: sweet lords [] []
[2016-01-03 23:49:14] pushsender.DEBUG: EXECUTE!!!!!!!! [] []
[2016-01-03 23:49:14] pushsender.DEBUG: sweet lords [] []
[2016-01-03 23:51:18] pushsender.DEBUG: EXECUTE!!!!!!!! [] []
[2016-01-03 23:51:18] pushsender.DEBUG: sweet lords [] []
[2016-01-03 23:53:23] pushsender.DEBUG: EXECUTE!!!!!!!! [] []
[2016-01-03 23:53:23] pushsender.DEBUG: sweet lords [] []
[2016-01-03 23:55:29] pushsender.DEBUG: EXECUTE!!!!!!!! [] []
[2016-01-03 23:55:29] pushsender.DEBUG: sweet lords [] []
[2016-01-03 23:57:36] pushsender.DEBUG: EXECUTE!!!!!!!! [] []
[2016-01-03 23:57:36] pushsender.DEBUG: sweet lords [] []
[2016-01-03 23:59:44] pushsender.DEBUG: EXECUTE!!!!!!!! [] []
[2016-01-03 23:59:44] pushsender.DEBUG: sweet lords [] []
[2016-01-04 00:01:53] pushsender.DEBUG: EXECUTE!!!!!!!! [] []
[2016-01-04 00:01:53] pushsender.DEBUG: sweet lords [] []
[2016-01-04 00:04:03] pushsender.DEBUG: EXECUTE!!!!!!!! [] []
[2016-01-04 00:04:03] pushsender.DEBUG: sweet lords [] []
[2016-01-04 00:06:14] pushsender.DEBUG: EXECUTE!!!!!!!! [] []
[2016-01-04 00:06:14] pushsender.DEBUG: sweet lords [] []
[2016-01-04 00:08:26] pushsender.DEBUG: EXECUTE!!!!!!!! [] []
[2016-01-04 00:08:26] pushsender.DEBUG: sweet lords [] []
[2016-01-04 00:10:39] pushsender.DEBUG: EXECUTE!!!!!!!! [] []
[2016-01-04 00:10:39] pushsender.DEBUG: sweet lords [] []
[2016-01-04 00:12:53] pushsender.DEBUG: EXECUTE!!!!!!!! [] []
[2016-01-04 00:12:53] pushsender.DEBUG: sweet lords [] []
[2016-01-04 00:15:08] pushsender.DEBUG: EXECUTE!!!!!!!! [] []
[2016-01-04 00:15:08] pushsender.DEBUG: sweet lords [] []
[2016-01-04 00:17:24] pushsender.DEBUG: EXECUTE!!!!!!!! [] []
[2016-01-04 00:17:24] pushsender.DEBUG: sweet lords [] []
[2016-01-04 00:19:41] pushsender.DEBUG: EXECUTE!!!!!!!! [] []
[2016-01-04 00:19:41] pushsender.DEBUG: sweet lords [] []
[2016-01-04 00:21:59] pushsender.DEBUG: EXECUTE!!!!!!!! [] []
[2016-01-04 00:21:59] pushsender.DEBUG: sweet lords [] []
[2016-01-04 00:24:18] pushsender.DEBUG: EXECUTE!!!!!!!! [] []
[2016-01-04 00:24:18] pushsender.DEBUG: sweet lords [] []
[2016-01-04 00:24:49] pushsender.DEBUG: Trying to add to queueu!!!!! [] []
[2016-01-04 00:24:49] pushsender.DEBUG: Civix\CoreBundle\Service\PushSender sendGroupAnnouncementPush [] []
[2016-01-05 00:41:52] pushsender.DEBUG: 1 [] []
[2016-01-05 00:41:52] pushsender.DEBUG: EXECUTE!!!!!!!! [] []
[2016-01-05 00:41:52] pushsender.DEBUG: sweet lords [] []
[2016-01-05 00:41:52] pushsender.DEBUG: 1 [] []
[2016-01-05 00:41:54] pushsender.DEBUG: 1 [] []
[2016-01-05 00:41:54] pushsender.DEBUG: EXECUTE!!!!!!!! [] []
[2016-01-05 00:41:54] pushsender.DEBUG: sweet lords [] []
[2016-01-05 00:41:54] pushsender.DEBUG: 1 [] []
[2016-01-05 00:41:55] pushsender.DEBUG: 1 [] []
[2016-01-05 00:41:55] pushsender.DEBUG: EXECUTE!!!!!!!! [] []
[2016-01-05 00:41:55] pushsender.DEBUG: sweet lords [] []
[2016-01-05 00:41:55] pushsender.DEBUG: 1 [] []
[2016-01-05 00:41:57] pushsender.DEBUG: 1 [] []
[2016-01-05 00:41:57] pushsender.DEBUG: EXECUTE!!!!!!!! [] []
[2016-01-05 00:41:57] pushsender.DEBUG: sweet lords [] []
[2016-01-05 00:41:57] pushsender.DEBUG: 1 [] []
[2016-01-05 00:42:01] pushsender.DEBUG: 1 [] []
[2016-01-05 00:42:01] pushsender.DEBUG: EXECUTE!!!!!!!! [] []
[2016-01-05 00:42:01] pushsender.DEBUG: sweet lords [] []
[2016-01-05 00:42:01] pushsender.DEBUG: 1 [] []
[2016-01-05 00:42:06] pushsender.DEBUG: 1 [] []
[2016-01-05 00:42:06] pushsender.DEBUG: EXECUTE!!!!!!!! [] []
[2016-01-05 00:42:06] pushsender.DEBUG: sweet lords [] []
[2016-01-05 00:42:06] pushsender.DEBUG: 1 [] []
[2016-01-05 00:42:11] pushsender.DEBUG: 1 [] []
[2016-01-05 00:42:11] pushsender.DEBUG: EXECUTE!!!!!!!! [] []
[2016-01-05 00:42:11] pushsender.DEBUG: sweet lords [] []
[2016-01-05 00:42:11] pushsender.DEBUG: 1 [] []
[2016-01-05 00:42:17] pushsender.DEBUG: 1 [] []
[2016-01-05 00:42:17] pushsender.DEBUG: EXECUTE!!!!!!!! [] []
[2016-01-05 00:42:17] pushsender.DEBUG: sweet lords [] []
[2016-01-05 00:42:17] pushsender.DEBUG: 1 [] []
[2016-01-05 00:42:25] pushsender.DEBUG: 1 [] []
[2016-01-05 00:42:25] pushsender.DEBUG: EXECUTE!!!!!!!! [] []
[2016-01-05 00:42:25] pushsender.DEBUG: sweet lords [] []
[2016-01-05 00:42:25] pushsender.DEBUG: 1 [] []
[2016-01-05 00:42:33] pushsender.DEBUG: 1 [] []
[2016-01-05 00:42:33] pushsender.DEBUG: EXECUTE!!!!!!!! [] []
[2016-01-05 00:42:33] pushsender.DEBUG: sweet lords [] []
[2016-01-05 00:42:33] pushsender.DEBUG: 1 [] []
[2016-01-05 00:46:14] pushsender.DEBUG: 1 [] []
[2016-01-05 00:46:14] pushsender.DEBUG: EXECUTE!! [] []
[2016-01-05 00:46:14] pushsender.DEBUG: sweet lords [] []
[2016-01-05 00:46:14] pushsender.DEBUG: 1 [] []
[2016-01-05 00:49:43] pushsender.DEBUG: 1 [] []
[2016-01-05 00:49:43] pushsender.DEBUG: EXECUTE!! [] []
[2016-01-05 00:49:43] pushsender.DEBUG: sweet lords [] []
[2016-01-05 00:49:43] pushsender.DEBUG: 1 [] []
[2016-01-05 00:49:43] pushsender.DEBUG: 1 [] []
[2016-01-05 00:49:43] pushsender.DEBUG: EXECUTE!! [] []
[2016-01-05 00:49:43] pushsender.DEBUG: sweet lords [] []
[2016-01-05 00:49:43] pushsender.DEBUG: 1 [] []
[2016-01-05 00:49:43] pushsender.DEBUG: 1 [] []
[2016-01-05 00:49:43] pushsender.DEBUG: EXECUTE!! [] []
[2016-01-05 00:49:43] pushsender.DEBUG: sweet lords [] []
[2016-01-05 00:49:43] pushsender.DEBUG: 1 [] []
[2016-01-05 00:49:43] pushsender.DEBUG: 1 [] []
[2016-01-05 00:49:43] pushsender.DEBUG: EXECUTE!! [] []
[2016-01-05 00:49:43] pushsender.DEBUG: sweet lords [] []
[2016-01-05 00:49:43] pushsender.DEBUG: 1 [] []
[2016-01-05 00:52:58] pushsender.DEBUG: 1 [] []
[2016-01-05 00:52:58] pushsender.DEBUG: EXECUTE!! [] []
[2016-01-05 00:52:58] pushsender.DEBUG: sweet lords [] []
[2016-01-05 00:52:58] pushsender.DEBUG: 1 [] []
[2016-01-05 00:54:35] pushsender.DEBUG: 1 [] []
[2016-01-05 00:54:35] pushsender.DEBUG: EXECUTE!! [] []
[2016-01-05 00:54:35] pushsender.DEBUG: sweet lords [] []
[2016-01-05 00:54:35] pushsender.DEBUG: 1 [] []
[2016-01-05 00:54:43] pushsender.DEBUG: 1 [] []
[2016-01-05 00:54:43] pushsender.DEBUG: EXECUTE!! [] []
[2016-01-05 00:54:43] pushsender.DEBUG: sweet lords [] []
[2016-01-05 00:54:43] pushsender.DEBUG: 1 [] []
[2016-01-05 00:54:52] pushsender.DEBUG: 1 [] []
[2016-01-05 00:54:52] pushsender.DEBUG: EXECUTE!! [] []
[2016-01-05 00:54:52] pushsender.DEBUG: sweet lords [] []
[2016-01-05 00:54:52] pushsender.DEBUG: 1 [] []
[2016-01-05 00:55:23] pushsender.DEBUG: 1 [] []
[2016-01-05 00:55:23] pushsender.DEBUG: EXECUTE!! [] []
[2016-01-05 00:55:23] pushsender.DEBUG: sweet lords [] []
[2016-01-05 00:55:23] pushsender.DEBUG: 1 [] []
[2016-01-05 00:55:40] pushsender.DEBUG: Trying to add to queueu!!!!! [] []
[2016-01-05 00:55:40] pushsender.DEBUG: Civix\CoreBundle\Service\PushSender sendGroupAnnouncementPush [] []
[2016-01-05 00:55:40] pushsender.DEBUG: 1 [] []
[2016-01-05 00:55:40] pushsender.DEBUG: EXECUTE!! [] []
[2016-01-05 00:55:40] pushsender.DEBUG: sweet lords [] []
[2016-01-05 00:55:40] pushsender.DEBUG: 1 [] []
[2016-01-05 00:56:12] pushsender.DEBUG: 1 [] []
[2016-01-05 00:56:12] pushsender.DEBUG: EXECUTE!! [] []
[2016-01-05 00:56:12] pushsender.DEBUG: sweet lords [] []
[2016-01-05 00:56:12] pushsender.DEBUG: 1 [] []
[2016-01-05 00:58:37] pushsender.DEBUG: 1 [] []
[2016-01-05 00:58:37] pushsender.DEBUG: EXECUTE!! [] []
[2016-01-05 00:58:37] pushsender.DEBUG: sweet lords [] []
[2016-01-05 00:58:37] pushsender.DEBUG: 1 [] []
[2016-01-05 00:59:18] pushsender.DEBUG: 1 [] []
[2016-01-05 00:59:18] pushsender.DEBUG: EXECUTE!! [] []
[2016-01-05 00:59:18] pushsender.DEBUG: sweet lords [] []
[2016-01-05 00:59:18] pushsender.DEBUG: 1 [] []
[2016-01-05 01:00:54] pushsender.DEBUG: 1 [] []
[2016-01-05 01:00:54] pushsender.DEBUG: EXECUTE!! [] []
[2016-01-05 01:00:54] pushsender.DEBUG: sweet lords [] []
[2016-01-05 01:00:54] pushsender.DEBUG: 1 [] []
[2016-01-05 01:00:58] pushsender.DEBUG: 1 [] []
[2016-01-05 01:00:58] pushsender.DEBUG: EXECUTE!! [] []
[2016-01-05 01:00:58] pushsender.DEBUG: sweet lords [] []
[2016-01-05 01:00:58] pushsender.DEBUG: 1 [] []
[2016-01-05 01:01:17] pushsender.DEBUG: 1 [] []
[2016-01-05 01:01:17] pushsender.DEBUG: EXECUTE!! [] []
[2016-01-05 01:01:17] pushsender.DEBUG: sweet lords [] []
[2016-01-05 01:01:17] pushsender.DEBUG: 1 [] []
[2016-01-05 01:02:55] pushsender.DEBUG: 1 [] []
[2016-01-05 01:02:55] pushsender.DEBUG: EXECUTE!! [] []
[2016-01-05 01:02:55] pushsender.DEBUG: sweet lords [] []
[2016-01-05 01:02:55] pushsender.DEBUG: 1 [] []
[2016-01-05 01:03:18] pushsender.DEBUG: 1 [] []
[2016-01-05 01:03:18] pushsender.DEBUG: EXECUTE!! [] []
[2016-01-05 01:03:18] pushsender.DEBUG: sweet lords [] []
[2016-01-05 01:03:18] pushsender.DEBUG: 1 [] []
[2016-01-05 01:03:51] pushsender.DEBUG: 1 [] []
[2016-01-05 01:03:51] pushsender.DEBUG: EXECUTE!! [] []
[2016-01-05 01:03:51] pushsender.DEBUG: sweet lords [] []
[2016-01-05 01:03:51] pushsender.DEBUG: 1 [] []
[2016-01-05 01:04:22] pushsender.DEBUG: 1 [] []
[2016-01-05 01:04:22] pushsender.DEBUG: EXECUTE!! [] []
[2016-01-05 01:04:22] pushsender.DEBUG: sweet lords [] []
[2016-01-05 01:04:22] pushsender.DEBUG: 1 [] []
[2016-01-05 01:04:38] pushsender.DEBUG: Trying to add to queueu!!!!! [] []
[2016-01-05 01:04:38] pushsender.DEBUG: Civix\CoreBundle\Service\PushSender sendGroupAnnouncementPush [] []
[2016-01-05 01:04:38] pushsender.DEBUG: 1 [] []
[2016-01-05 01:04:38] pushsender.DEBUG: EXECUTE!! [] []
[2016-01-05 01:04:38] pushsender.DEBUG: sweet lords [] []
[2016-01-05 01:04:38] pushsender.DEBUG: 1 [] []
[2016-01-05 01:21:15] pushsender.DEBUG: Trying to add to queueu!!!!! [] []
[2016-01-05 01:21:15] pushsender.DEBUG: Civix\CoreBundle\Service\PushSender sendGroupAnnouncementPush [] []
[2016-01-05 01:25:14] pushsender.DEBUG: Trying to add to queueu!!!!! [] []
[2016-01-05 01:25:14] pushsender.DEBUG: Civix\CoreBundle\Service\PushSender sendGroupAnnouncementPush [] []
[2016-01-05 01:26:56] pushsender.DEBUG: asdf [] []
[2016-01-05 01:26:56] pushsender.DEBUG: called [] []
[2016-01-05 01:26:56] pushsender.DEBUG: swirly [] []
[2016-01-05 01:26:56] pushsender.DEBUG: asdf [] []
[2016-01-05 01:26:56] pushsender.DEBUG: called [] []
[2016-01-05 01:26:56] pushsender.DEBUG: swirly [] []
[2016-01-05 01:28:34] pushsender.DEBUG: Trying to add to queueu!!!!! [] []
[2016-01-05 01:28:34] pushsender.DEBUG: Civix\CoreBundle\Service\PushSender sendGroupAnnouncementPush [] []
[2016-01-05 01:28:34] pushsender.DEBUG: asdf [] []
[2016-01-05 01:28:34] pushsender.DEBUG: called [] []
[2016-01-05 01:28:34] pushsender.DEBUG: swirly [] []
[2016-01-05 01:28:34] pushsender.DEBUG: 1 [] []
[2016-01-05 01:48:25] pushsender.DEBUG: Trying to add to queueu!!!!! [] []
[2016-01-05 01:48:25] pushsender.DEBUG: Civix\CoreBundle\Service\PushSender sendGroupAnnouncementPush [] []
[2016-01-05 01:48:25] pushsender.DEBUG: asdf [] []
[2016-01-05 01:48:25] pushsender.DEBUG: called [] []
[2016-01-05 01:48:25] pushsender.DEBUG: swirly [] []
[2016-01-05 01:48:25] pushsender.DEBUG: another [] []
[2016-01-05 01:49:56] pushsender.DEBUG: Trying to add to queueu!!!!! [] []
[2016-01-05 01:49:56] pushsender.DEBUG: Civix\CoreBundle\Service\PushSender sendGroupAnnouncementPush [] []
[2016-01-05 01:49:56] pushsender.DEBUG: asdf [] []
[2016-01-05 01:49:56] pushsender.DEBUG: called [] []
[2016-01-05 01:49:56] pushsender.DEBUG: swirly [] []
[2016-01-05 01:49:56] pushsender.DEBUG: another [] []
[2016-01-05 01:49:56] pushsender.DEBUG: group [] []
[2016-01-05 01:54:07] pushsender.DEBUG: Trying to add to queueu!!!!! [] []
[2016-01-05 01:54:07] pushsender.DEBUG: Civix\CoreBundle\Service\PushSender sendGroupAnnouncementPush [] []
[2016-01-05 01:54:07] pushsender.DEBUG: asdf [] []
[2016-01-05 01:54:07] pushsender.DEBUG: called [] []
[2016-01-05 01:54:07] pushsender.DEBUG: swirly [] []
[2016-01-05 01:54:08] pushsender.DEBUG: asdf [] []
[2016-01-05 01:54:08] pushsender.DEBUG: called [] []
[2016-01-05 01:54:08] pushsender.DEBUG: swirly [] []
[2016-01-05 01:54:10] pushsender.DEBUG: asdf [] []
[2016-01-05 01:54:10] pushsender.DEBUG: called [] []
[2016-01-05 01:54:10] pushsender.DEBUG: swirly [] []
[2016-01-05 01:54:12] pushsender.DEBUG: asdf [] []
[2016-01-05 01:54:12] pushsender.DEBUG: called [] []
[2016-01-05 01:54:12] pushsender.DEBUG: swirly [] []
[2016-01-05 01:54:15] pushsender.DEBUG: asdf [] []
[2016-01-05 01:54:15] pushsender.DEBUG: called [] []
[2016-01-05 01:54:15] pushsender.DEBUG: swirly [] []
[2016-01-05 01:54:19] pushsender.DEBUG: asdf [] []
[2016-01-05 01:54:19] pushsender.DEBUG: called [] []
[2016-01-05 01:54:19] pushsender.DEBUG: swirly [] []
[2016-01-05 01:54:25] pushsender.DEBUG: asdf [] []
[2016-01-05 01:54:25] pushsender.DEBUG: called [] []
[2016-01-05 01:54:25] pushsender.DEBUG: swirly [] []
[2016-01-05 01:54:31] pushsender.DEBUG: asdf [] []
[2016-01-05 01:54:31] pushsender.DEBUG: called [] []
[2016-01-05 01:54:31] pushsender.DEBUG: swirly [] []
[2016-01-05 01:54:38] pushsender.DEBUG: asdf [] []
[2016-01-05 01:54:38] pushsender.DEBUG: called [] []
[2016-01-05 01:54:38] pushsender.DEBUG: swirly [] []
[2016-01-05 01:54:47] pushsender.DEBUG: asdf [] []
[2016-01-05 01:54:47] pushsender.DEBUG: called [] []
[2016-01-05 01:54:47] pushsender.DEBUG: swirly [] []
[2016-01-05 01:54:56] pushsender.DEBUG: asdf [] []
[2016-01-05 01:54:56] pushsender.DEBUG: called [] []
[2016-01-05 01:54:56] pushsender.DEBUG: swirly [] []
[2016-01-05 01:55:06] pushsender.DEBUG: asdf [] []
[2016-01-05 01:55:06] pushsender.DEBUG: called [] []
[2016-01-05 01:55:06] pushsender.DEBUG: swirly [] []
[2016-01-05 01:55:17] pushsender.DEBUG: asdf [] []
[2016-01-05 01:55:17] pushsender.DEBUG: called [] []
[2016-01-05 01:55:17] pushsender.DEBUG: swirly [] []
[2016-01-05 01:55:30] pushsender.DEBUG: asdf [] []
[2016-01-05 01:55:30] pushsender.DEBUG: called [] []
[2016-01-05 01:55:30] pushsender.DEBUG: swirly [] []
[2016-01-05 01:55:44] pushsender.DEBUG: asdf [] []
[2016-01-05 01:55:44] pushsender.DEBUG: called [] []
[2016-01-05 01:55:44] pushsender.DEBUG: swirly [] []
[2016-01-05 01:55:58] pushsender.DEBUG: asdf [] []
[2016-01-05 01:55:58] pushsender.DEBUG: called [] []
[2016-01-05 01:55:58] pushsender.DEBUG: swirly [] []
[2016-01-05 01:56:13] pushsender.DEBUG: asdf [] []
[2016-01-05 01:56:13] pushsender.DEBUG: called [] []
[2016-01-05 01:56:13] pushsender.DEBUG: swirly [] []
[2016-01-05 01:56:30] pushsender.DEBUG: asdf [] []
[2016-01-05 01:56:30] pushsender.DEBUG: called [] []
[2016-01-05 01:56:30] pushsender.DEBUG: swirly [] []
[2016-01-05 01:56:48] pushsender.DEBUG: asdf [] []
[2016-01-05 01:56:48] pushsender.DEBUG: called [] []
[2016-01-05 01:56:48] pushsender.DEBUG: swirly [] []
[2016-01-05 01:57:06] pushsender.DEBUG: asdf [] []
[2016-01-05 01:57:06] pushsender.DEBUG: called [] []
[2016-01-05 01:57:06] pushsender.DEBUG: swirly [] []
[2016-01-05 01:57:07] pushsender.DEBUG: 5688a0238aa73.jpeg [] []
[2016-01-05 01:57:07] pushsender.DEBUG: gaufrette://avatar_source_image_fs/5688a01d717f1.jpeg [] []
[2016-01-05 01:57:47] pushsender.DEBUG: asdf [] []
[2016-01-05 01:57:47] pushsender.DEBUG: called [] []
[2016-01-05 01:57:47] pushsender.DEBUG: swirly [] []
[2016-01-05 01:57:47] pushsender.DEBUG: 5688a0238aa73.jpeg [] []
[2016-01-05 01:57:47] pushsender.DEBUG: gaufrette://avatar_source_image_fs/5688a01d717f1.jpeg [] []
[2016-01-08 15:27:47] pushsender.DEBUG: Trying to add to queueu!!!!! [] []
[2016-01-08 15:27:47] pushsender.DEBUG: Civix\CoreBundle\Service\PushSender sendGroupAnnouncementPush [] []
[2016-01-08 15:27:47] pushsender.DEBUG: asdf [] []
[2016-01-08 15:27:47] pushsender.DEBUG: called [] []
[2016-01-08 15:27:47] pushsender.DEBUG: swirly [] []
[2016-01-08 15:30:59] pushsender.DEBUG: asdf [] []
[2016-01-08 15:30:59] pushsender.DEBUG: called [] []
[2016-01-08 15:30:59] pushsender.DEBUG:  [] []
[2016-01-08 15:31:07] pushsender.DEBUG: asdf [] []
[2016-01-08 15:31:07] pushsender.DEBUG: called [] []
[2016-01-08 15:31:07] pushsender.DEBUG:  [] []
[2016-01-08 15:31:09] pushsender.DEBUG: asdf [] []
[2016-01-08 15:31:09] pushsender.DEBUG: called [] []
[2016-01-08 15:31:10] pushsender.DEBUG:  [] []
[2016-01-08 15:31:11] pushsender.DEBUG: asdf [] []
[2016-01-08 15:31:11] pushsender.DEBUG: called [] []
[2016-01-08 15:31:11] pushsender.DEBUG:  [] []
[2016-01-08 15:31:14] pushsender.DEBUG: asdf [] []
[2016-01-08 15:31:14] pushsender.DEBUG: called [] []
[2016-01-08 15:31:14] pushsender.DEBUG:  [] []
[2016-01-08 15:31:17] pushsender.DEBUG: asdf [] []
[2016-01-08 15:31:17] pushsender.DEBUG: called [] []
[2016-01-08 15:31:17] pushsender.DEBUG:  [] []
[2016-01-08 15:31:21] pushsender.DEBUG: asdf [] []
[2016-01-08 15:31:21] pushsender.DEBUG: called [] []
[2016-01-08 15:31:21] pushsender.DEBUG:  [] []
[2016-01-08 15:31:27] pushsender.DEBUG: asdf [] []
[2016-01-08 15:31:27] pushsender.DEBUG: called [] []
[2016-01-08 15:31:27] pushsender.DEBUG:  [] []
[2016-01-08 15:31:33] pushsender.DEBUG: asdf [] []
[2016-01-08 15:31:33] pushsender.DEBUG: called [] []
[2016-01-08 15:31:33] pushsender.DEBUG:  [] []
[2016-01-08 15:31:41] pushsender.DEBUG: asdf [] []
[2016-01-08 15:31:41] pushsender.DEBUG: called [] []
[2016-01-08 15:31:41] pushsender.DEBUG:  [] []
[2016-01-08 15:31:48] pushsender.DEBUG: asdf [] []
[2016-01-08 15:31:48] pushsender.DEBUG: called [] []
[2016-01-08 15:31:48] pushsender.DEBUG:  [] []
[2016-01-08 15:31:49] pushsender.DEBUG: asdf [] []
[2016-01-08 15:31:49] pushsender.DEBUG: called [] []
[2016-01-08 15:31:49] pushsender.DEBUG:  [] []
[2016-01-08 15:31:51] pushsender.DEBUG: asdf [] []
[2016-01-08 15:31:51] pushsender.DEBUG: called [] []
[2016-01-08 15:31:51] pushsender.DEBUG:  [] []
[2016-01-08 15:31:55] pushsender.DEBUG: asdf [] []
[2016-01-08 15:31:55] pushsender.DEBUG: called [] []
[2016-01-08 15:31:55] pushsender.DEBUG:  [] []
[2016-01-08 15:31:59] pushsender.DEBUG: asdf [] []
[2016-01-08 15:31:59] pushsender.DEBUG: called [] []
[2016-01-08 15:31:59] pushsender.DEBUG:  [] []
[2016-01-08 15:32:04] pushsender.DEBUG: asdf [] []
[2016-01-08 15:32:04] pushsender.DEBUG: called [] []
[2016-01-08 15:32:04] pushsender.DEBUG:  [] []
[2016-01-08 15:32:10] pushsender.DEBUG: asdf [] []
[2016-01-08 15:32:10] pushsender.DEBUG: called [] []
[2016-01-08 15:32:11] pushsender.DEBUG:  [] []
[2016-01-08 15:32:18] pushsender.DEBUG: asdf [] []
[2016-01-08 15:32:18] pushsender.DEBUG: called [] []
[2016-01-08 15:32:18] pushsender.DEBUG:  [] []
[2016-01-08 15:32:26] pushsender.DEBUG: asdf [] []
[2016-01-08 15:32:26] pushsender.DEBUG: called [] []
[2016-01-08 15:32:26] pushsender.DEBUG:  [] []
[2016-01-08 15:32:35] pushsender.DEBUG: asdf [] []
[2016-01-08 15:32:35] pushsender.DEBUG: called [] []
[2016-01-08 15:32:35] pushsender.DEBUG:  [] []
[2016-01-08 15:33:47] pushsender.DEBUG: Trying to add to queueu!!!!! [] []
[2016-01-08 15:33:47] pushsender.DEBUG: Civix\CoreBundle\Service\PushSender sendGroupAnnouncementPush [] []
[2016-01-08 15:33:47] pushsender.DEBUG: asdf [] []
[2016-01-08 15:33:47] pushsender.DEBUG: called [] []
[2016-01-08 15:33:47] pushsender.DEBUG:  [] []
[2016-01-08 15:33:49] pushsender.DEBUG: asdf [] []
[2016-01-08 15:33:49] pushsender.DEBUG: called [] []
[2016-01-08 15:33:49] pushsender.DEBUG:  [] []
[2016-01-08 15:33:50] pushsender.DEBUG: asdf [] []
[2016-01-08 15:33:50] pushsender.DEBUG: called [] []
[2016-01-08 15:33:50] pushsender.DEBUG:  [] []
[2016-01-08 15:33:53] pushsender.DEBUG: asdf [] []
[2016-01-08 15:33:53] pushsender.DEBUG: called [] []
[2016-01-08 15:33:53] pushsender.DEBUG:  [] []
[2016-01-08 15:33:56] pushsender.DEBUG: asdf [] []
[2016-01-08 15:33:56] pushsender.DEBUG: called [] []
[2016-01-08 15:33:56] pushsender.DEBUG:  [] []
[2016-01-08 15:34:01] pushsender.DEBUG: asdf [] []
[2016-01-08 15:34:01] pushsender.DEBUG: called [] []
[2016-01-08 15:34:01] pushsender.DEBUG:  [] []
[2016-01-08 15:34:07] pushsender.DEBUG: asdf [] []
[2016-01-08 15:34:07] pushsender.DEBUG: called [] []
[2016-01-08 15:34:07] pushsender.DEBUG:  [] []
[2016-01-08 15:34:13] pushsender.DEBUG: asdf [] []
[2016-01-08 15:34:13] pushsender.DEBUG: called [] []
[2016-01-08 15:34:13] pushsender.DEBUG:  [] []
[2016-01-08 15:34:20] pushsender.DEBUG: asdf [] []
[2016-01-08 15:34:20] pushsender.DEBUG: called [] []
[2016-01-08 15:34:20] pushsender.DEBUG:  [] []
[2016-01-08 15:34:28] pushsender.DEBUG: asdf [] []
[2016-01-08 15:34:28] pushsender.DEBUG: called [] []
[2016-01-08 15:34:29] pushsender.DEBUG:  [] []
[2016-01-08 15:34:38] pushsender.DEBUG: asdf [] []
[2016-01-08 15:34:38] pushsender.DEBUG: called [] []
[2016-01-08 15:34:38] pushsender.DEBUG:  [] []
[2016-01-08 15:34:49] pushsender.DEBUG: asdf [] []
[2016-01-08 15:34:49] pushsender.DEBUG: called [] []
[2016-01-08 15:34:49] pushsender.DEBUG:  [] []
[2016-01-08 15:34:49] pushsender.DEBUG: 568fd3fb71ef7.jpeg [] []
[2016-01-08 15:34:49] pushsender.DEBUG: 568fd403d404e.jpeg [] []
[2016-01-08 15:34:49] pushsender.DEBUG: gaufrette://avatar_source_image_fs/568fd3fb71ef7.jpeg [] []
[2016-01-08 15:34:49] pushsender.DEBUG: gaufrette://avatar_image_fs/568fd403d404e.jpeg [] []
[2016-01-08 16:03:40] pushsender.DEBUG: asdf [] []
[2016-01-08 16:03:40] pushsender.DEBUG: called [] []
[2016-01-08 16:03:40] pushsender.DEBUG: file path  [] []
[2016-01-08 16:03:40] pushsender.DEBUG: src fil name 568fd3fb71ef7.jpeg [] []
[2016-01-08 16:03:40] pushsender.DEBUG: file name 568fd403d404e.jpeg [] []
[2016-01-08 16:03:40] pushsender.DEBUG: soruce gaufrette://avatar_source_image_fs/568fd3fb71ef7.jpeg [] []
[2016-01-08 16:03:40] pushsender.DEBUG: avatar gaufrette://avatar_image_fs/568fd403d404e.jpeg [] []
[2016-01-08 16:17:24] pushsender.DEBUG: Trying to add to queueu!!!!! [] []
[2016-01-08 16:17:24] pushsender.DEBUG: Civix\CoreBundle\Service\PushSender sendGroupAnnouncementPush [] []
[2016-01-08 16:17:24] pushsender.DEBUG: asdf [] []
[2016-01-08 16:17:24] pushsender.DEBUG: called [] []
[2016-01-08 16:17:24] pushsender.DEBUG: file path  [] []
[2016-01-08 16:17:24] pushsender.DEBUG: src fil name 568fd3fb71ef7.jpeg [] []
[2016-01-08 16:17:24] pushsender.DEBUG: file name 568fd403d404e.jpeg [] []
[2016-01-08 16:17:24] pushsender.DEBUG: soruce gaufrette://avatar_source_image_fs/568fd3fb71ef7.jpeg [] []
[2016-01-08 16:17:24] pushsender.DEBUG: avatar gaufrette://avatar_image_fs/568fd403d404e.jpeg [] []
[2016-01-08 19:18:36] pushsender.DEBUG:  [] []
[2016-01-08 19:18:55] pushsender.DEBUG:  [] []
[2016-01-08 19:19:22] pushsender.DEBUG: asdf [] []
[2016-01-08 19:19:22] pushsender.DEBUG: called [] []
[2016-01-08 19:19:22] pushsender.DEBUG: file path  [] []
[2016-01-08 19:19:22] pushsender.DEBUG: src fil name 568fe0f11f83c.jpeg [] []
[2016-01-08 19:19:22] pushsender.DEBUG: file name 568fe0f674f98.jpeg [] []
[2016-01-08 19:19:22] pushsender.DEBUG: soruce gaufrette://avatar_source_image_fs/568fe0f11f83c.jpeg [] []
[2016-01-08 19:19:22] pushsender.DEBUG: avatar gaufrette://avatar_image_fs/568fe0f674f98.jpeg [] []
[2016-01-08 19:44:54] pushsender.DEBUG:  [] []
[2016-01-08 19:46:01] pushsender.DEBUG: asdf [] []
[2016-01-08 19:46:01] pushsender.DEBUG: called [] []
[2016-01-08 19:46:01] pushsender.DEBUG: file path  [] []
[2016-01-08 19:46:01] pushsender.DEBUG: src fil name 568fe0f11f83c.jpeg [] []
[2016-01-08 19:46:01] pushsender.DEBUG: file name 568fe0f674f98.jpeg [] []
[2016-01-08 19:46:01] pushsender.DEBUG: soruce gaufrette://avatar_source_image_fs/568fe0f11f83c.jpeg [] []
[2016-01-08 19:46:01] pushsender.DEBUG: avatar gaufrette://avatar_image_fs/568fe0f674f98.jpeg [] []
[2016-01-08 20:18:07] pushsender.DEBUG: asdf [] []
[2016-01-08 20:18:07] pushsender.DEBUG: called [] []
[2016-01-08 20:18:07] pushsender.DEBUG: file path  [] []
[2016-01-08 20:18:07] pushsender.DEBUG: src fil name 568fe0f11f83c.jpeg [] []
[2016-01-08 20:18:07] pushsender.DEBUG: file name 568fe0f674f98.jpeg [] []
[2016-01-08 20:18:07] pushsender.DEBUG: soruce gaufrette://avatar_source_image_fs/568fe0f11f83c.jpeg [] []
[2016-01-08 20:18:07] pushsender.DEBUG: avatar gaufrette://avatar_image_fs/568fe0f674f98.jpeg [] []
[2016-01-08 20:19:58] pushsender.DEBUG: asdf [] []
[2016-01-08 20:19:58] pushsender.DEBUG: called [] []
[2016-01-08 20:19:58] pushsender.DEBUG: file path  [] []
[2016-01-08 20:19:58] pushsender.DEBUG: src fil name 568fe0f11f83c.jpeg [] []
[2016-01-08 20:19:58] pushsender.DEBUG: file name 568fe0f674f98.jpeg [] []
[2016-01-08 20:19:58] pushsender.DEBUG: soruce gaufrette://avatar_source_image_fs/568fe0f11f83c.jpeg [] []
[2016-01-08 20:19:58] pushsender.DEBUG: avatar gaufrette://avatar_image_fs/568fe0f674f98.jpeg [] []
[2016-01-08 20:20:22] pushsender.DEBUG: asdf [] []
[2016-01-08 20:20:22] pushsender.DEBUG: called [] []
[2016-01-08 20:20:22] pushsender.DEBUG: file path  [] []
[2016-01-08 20:20:22] pushsender.DEBUG: src fil name 568fe0f11f83c.jpeg [] []
[2016-01-08 20:20:22] pushsender.DEBUG: file name 568fe0f674f98.jpeg [] []
[2016-01-08 20:20:22] pushsender.DEBUG: soruce gaufrette://avatar_source_image_fs/568fe0f11f83c.jpeg [] []
[2016-01-08 20:20:22] pushsender.DEBUG: avatar gaufrette://avatar_image_fs/568fe0f674f98.jpeg [] []
[2016-01-08 20:20:24] pushsender.DEBUG: asdf [] []
[2016-01-08 20:20:24] pushsender.DEBUG: called [] []
[2016-01-08 20:20:24] pushsender.DEBUG: file path  [] []
[2016-01-08 20:20:24] pushsender.DEBUG: src fil name 568fe0f11f83c.jpeg [] []
[2016-01-08 20:20:24] pushsender.DEBUG: file name 568fe0f674f98.jpeg [] []
[2016-01-08 20:20:24] pushsender.DEBUG: soruce gaufrette://avatar_source_image_fs/568fe0f11f83c.jpeg [] []
[2016-01-08 20:20:24] pushsender.DEBUG: avatar gaufrette://avatar_image_fs/568fe0f674f98.jpeg [] []
[2016-01-08 20:20:25] pushsender.DEBUG: asdf [] []
[2016-01-08 20:20:25] pushsender.DEBUG: called [] []
[2016-01-08 20:20:25] pushsender.DEBUG: file path  [] []
[2016-01-08 20:20:25] pushsender.DEBUG: src fil name 568fe0f11f83c.jpeg [] []
[2016-01-08 20:20:25] pushsender.DEBUG: file name 568fe0f674f98.jpeg [] []
[2016-01-08 20:20:25] pushsender.DEBUG: soruce gaufrette://avatar_source_image_fs/568fe0f11f83c.jpeg [] []
[2016-01-08 20:20:25] pushsender.DEBUG: avatar gaufrette://avatar_image_fs/568fe0f674f98.jpeg [] []
[2016-01-08 20:20:27] pushsender.DEBUG: asdf [] []
[2016-01-08 20:20:27] pushsender.DEBUG: called [] []
[2016-01-08 20:20:27] pushsender.DEBUG: file path  [] []
[2016-01-08 20:20:27] pushsender.DEBUG: src fil name 568fe0f11f83c.jpeg [] []
[2016-01-08 20:20:27] pushsender.DEBUG: file name 568fe0f674f98.jpeg [] []
[2016-01-08 20:20:27] pushsender.DEBUG: soruce gaufrette://avatar_source_image_fs/568fe0f11f83c.jpeg [] []
[2016-01-08 20:20:27] pushsender.DEBUG: avatar gaufrette://avatar_image_fs/568fe0f674f98.jpeg [] []
[2016-01-08 20:20:30] pushsender.DEBUG: asdf [] []
[2016-01-08 20:20:30] pushsender.DEBUG: called [] []
[2016-01-08 20:20:30] pushsender.DEBUG: file path  [] []
[2016-01-08 20:20:30] pushsender.DEBUG: src fil name 568fe0f11f83c.jpeg [] []
[2016-01-08 20:20:30] pushsender.DEBUG: file name 568fe0f674f98.jpeg [] []
[2016-01-08 20:20:30] pushsender.DEBUG: soruce gaufrette://avatar_source_image_fs/568fe0f11f83c.jpeg [] []
[2016-01-08 20:20:30] pushsender.DEBUG: avatar gaufrette://avatar_image_fs/568fe0f674f98.jpeg [] []
[2016-01-08 20:20:35] pushsender.DEBUG: asdf [] []
[2016-01-08 20:20:35] pushsender.DEBUG: called [] []
[2016-01-08 20:20:35] pushsender.DEBUG: file path  [] []
[2016-01-08 20:20:35] pushsender.DEBUG: src fil name 568fe0f11f83c.jpeg [] []
[2016-01-08 20:20:35] pushsender.DEBUG: file name 568fe0f674f98.jpeg [] []
[2016-01-08 20:20:35] pushsender.DEBUG: soruce gaufrette://avatar_source_image_fs/568fe0f11f83c.jpeg [] []
[2016-01-08 20:20:35] pushsender.DEBUG: avatar gaufrette://avatar_image_fs/568fe0f674f98.jpeg [] []
[2016-01-08 20:20:40] pushsender.DEBUG: asdf [] []
[2016-01-08 20:20:40] pushsender.DEBUG: called [] []
[2016-01-08 20:20:40] pushsender.DEBUG: file path  [] []
[2016-01-08 20:20:40] pushsender.DEBUG: src fil name 568fe0f11f83c.jpeg [] []
[2016-01-08 20:20:40] pushsender.DEBUG: file name 568fe0f674f98.jpeg [] []
[2016-01-08 20:20:40] pushsender.DEBUG: soruce gaufrette://avatar_source_image_fs/568fe0f11f83c.jpeg [] []
[2016-01-08 20:20:40] pushsender.DEBUG: avatar gaufrette://avatar_image_fs/568fe0f674f98.jpeg [] []
[2016-01-08 20:20:46] pushsender.DEBUG: asdf [] []
[2016-01-08 20:20:46] pushsender.DEBUG: called [] []
[2016-01-08 20:20:46] pushsender.DEBUG: file path  [] []
[2016-01-08 20:20:46] pushsender.DEBUG: src fil name 568fe0f11f83c.jpeg [] []
[2016-01-08 20:20:46] pushsender.DEBUG: file name 568fe0f674f98.jpeg [] []
[2016-01-08 20:20:46] pushsender.DEBUG: soruce gaufrette://avatar_source_image_fs/568fe0f11f83c.jpeg [] []
[2016-01-08 20:20:46] pushsender.DEBUG: avatar gaufrette://avatar_image_fs/568fe0f674f98.jpeg [] []
[2016-01-08 20:20:54] pushsender.DEBUG: asdf [] []
[2016-01-08 20:20:54] pushsender.DEBUG: called [] []
[2016-01-08 20:20:54] pushsender.DEBUG: file path  [] []
[2016-01-08 20:20:54] pushsender.DEBUG: src fil name 568fe0f11f83c.jpeg [] []
[2016-01-08 20:20:54] pushsender.DEBUG: file name 568fe0f674f98.jpeg [] []
[2016-01-08 20:20:54] pushsender.DEBUG: soruce gaufrette://avatar_source_image_fs/568fe0f11f83c.jpeg [] []
[2016-01-08 20:20:54] pushsender.DEBUG: avatar gaufrette://avatar_image_fs/568fe0f674f98.jpeg [] []
[2016-01-08 20:21:02] pushsender.DEBUG: asdf [] []
[2016-01-08 20:21:02] pushsender.DEBUG: called [] []
[2016-01-08 20:21:02] pushsender.DEBUG: file path  [] []
[2016-01-08 20:21:02] pushsender.DEBUG: src fil name 568fe0f11f83c.jpeg [] []
[2016-01-08 20:21:02] pushsender.DEBUG: file name 568fe0f674f98.jpeg [] []
[2016-01-08 20:21:02] pushsender.DEBUG: soruce gaufrette://avatar_source_image_fs/568fe0f11f83c.jpeg [] []
[2016-01-08 20:21:02] pushsender.DEBUG: avatar gaufrette://avatar_image_fs/568fe0f674f98.jpeg [] []
[2016-01-08 20:21:11] pushsender.DEBUG: asdf [] []
[2016-01-08 20:21:11] pushsender.DEBUG: called [] []
[2016-01-08 20:21:11] pushsender.DEBUG: file path  [] []
[2016-01-08 20:21:11] pushsender.DEBUG: src fil name 568fe0f11f83c.jpeg [] []
[2016-01-08 20:21:11] pushsender.DEBUG: file name 568fe0f674f98.jpeg [] []
[2016-01-08 20:21:11] pushsender.DEBUG: soruce gaufrette://avatar_source_image_fs/568fe0f11f83c.jpeg [] []
[2016-01-08 20:21:11] pushsender.DEBUG: avatar gaufrette://avatar_image_fs/568fe0f674f98.jpeg [] []
[2016-01-08 20:21:22] pushsender.DEBUG: asdf [] []
[2016-01-08 20:21:22] pushsender.DEBUG: called [] []
[2016-01-08 20:21:22] pushsender.DEBUG: file path  [] []
[2016-01-08 20:21:22] pushsender.DEBUG: src fil name 568fe0f11f83c.jpeg [] []
[2016-01-08 20:21:22] pushsender.DEBUG: file name 568fe0f674f98.jpeg [] []
[2016-01-08 20:21:22] pushsender.DEBUG: soruce gaufrette://avatar_source_image_fs/568fe0f11f83c.jpeg [] []
[2016-01-08 20:21:22] pushsender.DEBUG: avatar gaufrette://avatar_image_fs/568fe0f674f98.jpeg [] []
[2016-01-08 20:21:33] pushsender.DEBUG: asdf [] []
[2016-01-08 20:21:33] pushsender.DEBUG: called [] []
[2016-01-08 20:21:33] pushsender.DEBUG: file path  [] []
[2016-01-08 20:21:33] pushsender.DEBUG: src fil name 568fe0f11f83c.jpeg [] []
[2016-01-08 20:21:33] pushsender.DEBUG: file name 568fe0f674f98.jpeg [] []
[2016-01-08 20:21:33] pushsender.DEBUG: soruce gaufrette://avatar_source_image_fs/568fe0f11f83c.jpeg [] []
[2016-01-08 20:21:33] pushsender.DEBUG: avatar gaufrette://avatar_image_fs/568fe0f674f98.jpeg [] []
[2016-01-08 20:21:46] pushsender.DEBUG: asdf [] []
[2016-01-08 20:21:46] pushsender.DEBUG: called [] []
[2016-01-08 20:21:46] pushsender.DEBUG: file path  [] []
[2016-01-08 20:21:46] pushsender.DEBUG: src fil name 568fe0f11f83c.jpeg [] []
[2016-01-08 20:21:46] pushsender.DEBUG: file name 568fe0f674f98.jpeg [] []
[2016-01-08 20:21:46] pushsender.DEBUG: soruce gaufrette://avatar_source_image_fs/568fe0f11f83c.jpeg [] []
[2016-01-08 20:21:46] pushsender.DEBUG: avatar gaufrette://avatar_image_fs/568fe0f674f98.jpeg [] []
[2016-01-08 20:21:52] pushsender.DEBUG: asdf [] []
[2016-01-08 20:21:52] pushsender.DEBUG: called [] []
[2016-01-08 20:21:53] pushsender.DEBUG: file path  [] []
[2016-01-08 20:21:53] pushsender.DEBUG: src fil name 568fe0f11f83c.jpeg [] []
[2016-01-08 20:21:53] pushsender.DEBUG: file name 568fe0f674f98.jpeg [] []
[2016-01-08 20:21:53] pushsender.DEBUG: soruce gaufrette://avatar_source_image_fs/568fe0f11f83c.jpeg [] []
[2016-01-08 20:21:53] pushsender.DEBUG: avatar gaufrette://avatar_image_fs/568fe0f674f98.jpeg [] []
[2016-01-08 20:21:54] pushsender.DEBUG: asdf [] []
[2016-01-08 20:21:54] pushsender.DEBUG: called [] []
[2016-01-08 20:21:54] pushsender.DEBUG: file path  [] []
[2016-01-08 20:21:54] pushsender.DEBUG: src fil name 568fe0f11f83c.jpeg [] []
[2016-01-08 20:21:54] pushsender.DEBUG: file name 568fe0f674f98.jpeg [] []
[2016-01-08 20:21:54] pushsender.DEBUG: soruce gaufrette://avatar_source_image_fs/568fe0f11f83c.jpeg [] []
[2016-01-08 20:21:54] pushsender.DEBUG: avatar gaufrette://avatar_image_fs/568fe0f674f98.jpeg [] []
[2016-01-08 20:21:55] pushsender.DEBUG: asdf [] []
[2016-01-08 20:21:55] pushsender.DEBUG: called [] []
[2016-01-08 20:21:56] pushsender.DEBUG: file path  [] []
[2016-01-08 20:21:56] pushsender.DEBUG: src fil name 568fe0f11f83c.jpeg [] []
[2016-01-08 20:21:56] pushsender.DEBUG: file name 568fe0f674f98.jpeg [] []
[2016-01-08 20:21:56] pushsender.DEBUG: soruce gaufrette://avatar_source_image_fs/568fe0f11f83c.jpeg [] []
[2016-01-08 20:21:56] pushsender.DEBUG: avatar gaufrette://avatar_image_fs/568fe0f674f98.jpeg [] []
[2016-01-08 20:21:58] pushsender.DEBUG: asdf [] []
[2016-01-08 20:21:58] pushsender.DEBUG: called [] []
[2016-01-08 20:21:58] pushsender.DEBUG: file path  [] []
[2016-01-08 20:21:58] pushsender.DEBUG: src fil name 568fe0f11f83c.jpeg [] []
[2016-01-08 20:21:58] pushsender.DEBUG: file name 568fe0f674f98.jpeg [] []
[2016-01-08 20:21:58] pushsender.DEBUG: soruce gaufrette://avatar_source_image_fs/568fe0f11f83c.jpeg [] []
[2016-01-08 20:21:58] pushsender.DEBUG: avatar gaufrette://avatar_image_fs/568fe0f674f98.jpeg [] []
[2016-01-08 20:22:01] pushsender.DEBUG: asdf [] []
[2016-01-08 20:22:01] pushsender.DEBUG: called [] []
[2016-01-08 20:22:01] pushsender.DEBUG: file path  [] []
[2016-01-08 20:22:01] pushsender.DEBUG: src fil name 568fe0f11f83c.jpeg [] []
[2016-01-08 20:22:01] pushsender.DEBUG: file name 568fe0f674f98.jpeg [] []
[2016-01-08 20:22:01] pushsender.DEBUG: soruce gaufrette://avatar_source_image_fs/568fe0f11f83c.jpeg [] []
[2016-01-08 20:22:01] pushsender.DEBUG: avatar gaufrette://avatar_image_fs/568fe0f674f98.jpeg [] []
[2016-01-08 20:22:06] pushsender.DEBUG: asdf [] []
[2016-01-08 20:22:06] pushsender.DEBUG: called [] []
[2016-01-08 20:22:06] pushsender.DEBUG: file path  [] []
[2016-01-08 20:22:06] pushsender.DEBUG: src fil name 568fe0f11f83c.jpeg [] []
[2016-01-08 20:22:06] pushsender.DEBUG: file name 568fe0f674f98.jpeg [] []
[2016-01-08 20:22:06] pushsender.DEBUG: soruce gaufrette://avatar_source_image_fs/568fe0f11f83c.jpeg [] []
[2016-01-08 20:22:06] pushsender.DEBUG: avatar gaufrette://avatar_image_fs/568fe0f674f98.jpeg [] []
[2016-01-08 20:22:12] pushsender.DEBUG: asdf [] []
[2016-01-08 20:22:12] pushsender.DEBUG: called [] []
[2016-01-08 20:22:12] pushsender.DEBUG: file path  [] []
[2016-01-08 20:22:12] pushsender.DEBUG: src fil name 568fe0f11f83c.jpeg [] []
[2016-01-08 20:22:12] pushsender.DEBUG: file name 568fe0f674f98.jpeg [] []
[2016-01-08 20:22:12] pushsender.DEBUG: soruce gaufrette://avatar_source_image_fs/568fe0f11f83c.jpeg [] []
[2016-01-08 20:22:12] pushsender.DEBUG: avatar gaufrette://avatar_image_fs/568fe0f674f98.jpeg [] []
[2016-01-08 20:22:18] pushsender.DEBUG: asdf [] []
[2016-01-08 20:22:18] pushsender.DEBUG: called [] []
[2016-01-08 20:22:18] pushsender.DEBUG: file path  [] []
[2016-01-08 20:22:18] pushsender.DEBUG: src fil name 568fe0f11f83c.jpeg [] []
[2016-01-08 20:22:18] pushsender.DEBUG: file name 568fe0f674f98.jpeg [] []
[2016-01-08 20:22:18] pushsender.DEBUG: soruce gaufrette://avatar_source_image_fs/568fe0f11f83c.jpeg [] []
[2016-01-08 20:22:18] pushsender.DEBUG: avatar gaufrette://avatar_image_fs/568fe0f674f98.jpeg [] []
[2016-01-08 20:22:25] pushsender.DEBUG: asdf [] []
[2016-01-08 20:22:25] pushsender.DEBUG: called [] []
[2016-01-08 20:22:25] pushsender.DEBUG: file path  [] []
[2016-01-08 20:22:25] pushsender.DEBUG: src fil name 568fe0f11f83c.jpeg [] []
[2016-01-08 20:22:25] pushsender.DEBUG: file name 568fe0f674f98.jpeg [] []
[2016-01-08 20:22:25] pushsender.DEBUG: soruce gaufrette://avatar_source_image_fs/568fe0f11f83c.jpeg [] []
[2016-01-08 20:22:25] pushsender.DEBUG: avatar gaufrette://avatar_image_fs/568fe0f674f98.jpeg [] []
[2016-01-08 20:22:33] pushsender.DEBUG: asdf [] []
[2016-01-08 20:22:33] pushsender.DEBUG: called [] []
[2016-01-08 20:22:34] pushsender.DEBUG: file path  [] []
[2016-01-08 20:22:34] pushsender.DEBUG: src fil name 568fe0f11f83c.jpeg [] []
[2016-01-08 20:22:34] pushsender.DEBUG: file name 568fe0f674f98.jpeg [] []
[2016-01-08 20:22:34] pushsender.DEBUG: soruce gaufrette://avatar_source_image_fs/568fe0f11f83c.jpeg [] []
[2016-01-08 20:22:34] pushsender.DEBUG: avatar gaufrette://avatar_image_fs/568fe0f674f98.jpeg [] []
[2016-01-08 20:23:06] pushsender.DEBUG: asdf [] []
[2016-01-08 20:23:06] pushsender.DEBUG: called [] []
[2016-01-08 20:23:06] pushsender.DEBUG: file path  [] []
[2016-01-08 20:23:06] pushsender.DEBUG: src fil name 568fe0f11f83c.jpeg [] []
[2016-01-08 20:23:06] pushsender.DEBUG: file name 568fe0f674f98.jpeg [] []
[2016-01-08 20:23:06] pushsender.DEBUG: soruce gaufrette://avatar_source_image_fs/568fe0f11f83c.jpeg [] []
[2016-01-08 20:23:06] pushsender.DEBUG: avatar gaufrette://avatar_image_fs/568fe0f674f98.jpeg [] []
[2016-01-08 20:23:06] pushsender.DEBUG: Got the avatar [] []
[2016-01-08 20:24:39] pushsender.DEBUG: asdf [] []
[2016-01-08 20:24:39] pushsender.DEBUG: called [] []
[2016-01-08 20:24:39] pushsender.DEBUG: file path  [] []
[2016-01-08 20:24:39] pushsender.DEBUG: src fil name 568fe0f11f83c.jpeg [] []
[2016-01-08 20:24:39] pushsender.DEBUG: file name 568fe0f674f98.jpeg [] []
[2016-01-08 20:24:39] pushsender.DEBUG: soruce gaufrette://avatar_source_image_fs/568fe0f11f83c.jpeg [] []
[2016-01-08 20:24:39] pushsender.DEBUG: avatar gaufrette://avatar_image_fs/568fe0f674f98.jpeg [] []
[2016-01-08 20:24:39] pushsender.DEBUG: Got the avatar [] []
[2016-01-08 20:25:06] pushsender.DEBUG: asdf [] []
[2016-01-08 20:25:06] pushsender.DEBUG: called [] []
[2016-01-08 20:25:06] pushsender.DEBUG: file path  [] []
[2016-01-08 20:25:06] pushsender.DEBUG: src fil name 568fe0f11f83c.jpeg [] []
[2016-01-08 20:25:06] pushsender.DEBUG: file name 568fe0f674f98.jpeg [] []
[2016-01-08 20:25:06] pushsender.DEBUG: soruce gaufrette://avatar_source_image_fs/568fe0f11f83c.jpeg [] []
[2016-01-08 20:25:06] pushsender.DEBUG: avatar gaufrette://avatar_image_fs/568fe0f674f98.jpeg [] []
[2016-01-08 20:25:06] pushsender.DEBUG: Got the avatar [] []
[2016-01-08 20:25:36] pushsender.DEBUG: asdf [] []
[2016-01-08 20:25:36] pushsender.DEBUG: called [] []
[2016-01-08 20:25:36] pushsender.DEBUG: file path  [] []
[2016-01-08 20:25:36] pushsender.DEBUG: src fil name 568fe0f11f83c.jpeg [] []
[2016-01-08 20:25:36] pushsender.DEBUG: file name 568fe0f674f98.jpeg [] []
[2016-01-08 20:25:36] pushsender.DEBUG: soruce gaufrette://avatar_source_image_fs/568fe0f11f83c.jpeg [] []
[2016-01-08 20:25:36] pushsender.DEBUG: avatar gaufrette://avatar_image_fs/568fe0f674f98.jpeg [] []
[2016-01-08 20:25:37] pushsender.DEBUG: asdf [] []
[2016-01-08 20:25:37] pushsender.DEBUG: called [] []
[2016-01-08 20:25:37] pushsender.DEBUG: file path  [] []
[2016-01-08 20:25:37] pushsender.DEBUG: src fil name 568fe0f11f83c.jpeg [] []
[2016-01-08 20:25:37] pushsender.DEBUG: file name 568fe0f674f98.jpeg [] []
[2016-01-08 20:25:37] pushsender.DEBUG: soruce gaufrette://avatar_source_image_fs/568fe0f11f83c.jpeg [] []
[2016-01-08 20:25:37] pushsender.DEBUG: avatar gaufrette://avatar_image_fs/568fe0f674f98.jpeg [] []
[2016-01-08 20:25:39] pushsender.DEBUG: asdf [] []
[2016-01-08 20:25:39] pushsender.DEBUG: called [] []
[2016-01-08 20:25:39] pushsender.DEBUG: file path  [] []
[2016-01-08 20:25:39] pushsender.DEBUG: src fil name 568fe0f11f83c.jpeg [] []
[2016-01-08 20:25:39] pushsender.DEBUG: file name 568fe0f674f98.jpeg [] []
[2016-01-08 20:25:39] pushsender.DEBUG: soruce gaufrette://avatar_source_image_fs/568fe0f11f83c.jpeg [] []
[2016-01-08 20:25:39] pushsender.DEBUG: avatar gaufrette://avatar_image_fs/568fe0f674f98.jpeg [] []
[2016-01-08 20:25:41] pushsender.DEBUG: asdf [] []
[2016-01-08 20:25:41] pushsender.DEBUG: called [] []
[2016-01-08 20:25:41] pushsender.DEBUG: file path  [] []
[2016-01-08 20:25:41] pushsender.DEBUG: src fil name 568fe0f11f83c.jpeg [] []
[2016-01-08 20:25:41] pushsender.DEBUG: file name 568fe0f674f98.jpeg [] []
[2016-01-08 20:25:41] pushsender.DEBUG: soruce gaufrette://avatar_source_image_fs/568fe0f11f83c.jpeg [] []
[2016-01-08 20:25:41] pushsender.DEBUG: avatar gaufrette://avatar_image_fs/568fe0f674f98.jpeg [] []
[2016-01-08 20:25:44] pushsender.DEBUG: asdf [] []
[2016-01-08 20:25:44] pushsender.DEBUG: called [] []
[2016-01-08 20:25:44] pushsender.DEBUG: file path  [] []
[2016-01-08 20:25:44] pushsender.DEBUG: src fil name 568fe0f11f83c.jpeg [] []
[2016-01-08 20:25:44] pushsender.DEBUG: file name 568fe0f674f98.jpeg [] []
[2016-01-08 20:25:44] pushsender.DEBUG: soruce gaufrette://avatar_source_image_fs/568fe0f11f83c.jpeg [] []
[2016-01-08 20:25:44] pushsender.DEBUG: avatar gaufrette://avatar_image_fs/568fe0f674f98.jpeg [] []
[2016-01-08 20:25:48] pushsender.DEBUG: asdf [] []
[2016-01-08 20:25:48] pushsender.DEBUG: called [] []
[2016-01-08 20:25:48] pushsender.DEBUG: file path  [] []
[2016-01-08 20:25:48] pushsender.DEBUG: src fil name 568fe0f11f83c.jpeg [] []
[2016-01-08 20:25:48] pushsender.DEBUG: file name 568fe0f674f98.jpeg [] []
[2016-01-08 20:25:48] pushsender.DEBUG: soruce gaufrette://avatar_source_image_fs/568fe0f11f83c.jpeg [] []
[2016-01-08 20:25:48] pushsender.DEBUG: avatar gaufrette://avatar_image_fs/568fe0f674f98.jpeg [] []
[2016-01-08 20:25:54] pushsender.DEBUG: asdf [] []
[2016-01-08 20:25:54] pushsender.DEBUG: called [] []
[2016-01-08 20:25:54] pushsender.DEBUG: file path  [] []
[2016-01-08 20:25:54] pushsender.DEBUG: src fil name 568fe0f11f83c.jpeg [] []
[2016-01-08 20:25:54] pushsender.DEBUG: file name 568fe0f674f98.jpeg [] []
[2016-01-08 20:25:54] pushsender.DEBUG: soruce gaufrette://avatar_source_image_fs/568fe0f11f83c.jpeg [] []
[2016-01-08 20:25:54] pushsender.DEBUG: avatar gaufrette://avatar_image_fs/568fe0f674f98.jpeg [] []
[2016-01-08 20:26:00] pushsender.DEBUG: asdf [] []
[2016-01-08 20:26:00] pushsender.DEBUG: called [] []
[2016-01-08 20:26:00] pushsender.DEBUG: file path  [] []
[2016-01-08 20:26:00] pushsender.DEBUG: src fil name 568fe0f11f83c.jpeg [] []
[2016-01-08 20:26:00] pushsender.DEBUG: file name 568fe0f674f98.jpeg [] []
[2016-01-08 20:26:00] pushsender.DEBUG: soruce gaufrette://avatar_source_image_fs/568fe0f11f83c.jpeg [] []
[2016-01-08 20:26:00] pushsender.DEBUG: avatar gaufrette://avatar_image_fs/568fe0f674f98.jpeg [] []
[2016-01-08 20:26:00] pushsender.DEBUG: benediktovichpowerline [] []
[2016-01-08 20:26:00] pushsender.DEBUG: cf-templates-e9tuwffefbt0-us-east-1 [] []
[2016-01-08 20:26:00] pushsender.DEBUG: devpowerline [] []
[2016-01-08 20:26:00] pushsender.DEBUG: devpowerlineapp [] []
[2016-01-08 20:26:00] pushsender.DEBUG: elasticbeanstalk-us-east-1-863632456175 [] []
[2016-01-08 20:26:00] pushsender.DEBUG: plotnikovpowerline [] []
[2016-01-08 20:26:00] pushsender.DEBUG: prodpowerline [] []
[2016-01-08 20:26:00] pushsender.DEBUG: sandboxpowerline [] []
[2016-01-08 20:26:00] pushsender.DEBUG: stagingpowerline [] []
[2016-01-08 20:26:00] pushsender.DEBUG: Got the avatar [] []
[2016-01-08 20:36:11] pushsender.DEBUG: asdf [] []
[2016-01-08 20:36:11] pushsender.DEBUG: called [] []
[2016-01-08 20:36:11] pushsender.DEBUG: file path  [] []
[2016-01-08 20:36:11] pushsender.DEBUG: src fil name 568fe0f11f83c.jpeg [] []
[2016-01-08 20:36:11] pushsender.DEBUG: file name 568fe0f674f98.jpeg [] []
[2016-01-08 20:36:11] pushsender.DEBUG: soruce gaufrette://avatar_source_image_fs/568fe0f11f83c.jpeg [] []
[2016-01-08 20:36:11] pushsender.DEBUG: avatar gaufrette://avatar_image_fs/568fe0f674f98.jpeg [] []
[2016-01-08 20:36:11] pushsender.DEBUG: benediktovichpowerline [] []
[2016-01-08 20:36:11] pushsender.DEBUG: cf-templates-e9tuwffefbt0-us-east-1 [] []
[2016-01-08 20:36:11] pushsender.DEBUG: devpowerline [] []
[2016-01-08 20:36:11] pushsender.DEBUG: devpowerlineapp [] []
[2016-01-08 20:36:11] pushsender.DEBUG: elasticbeanstalk-us-east-1-863632456175 [] []
[2016-01-08 20:36:11] pushsender.DEBUG: plotnikovpowerline [] []
[2016-01-08 20:36:11] pushsender.DEBUG: prodpowerline [] []
[2016-01-08 20:36:11] pushsender.DEBUG: sandboxpowerline [] []
[2016-01-08 20:36:11] pushsender.DEBUG: stagingpowerline [] []
[2016-01-08 20:36:11] pushsender.DEBUG: Got the avatar [] []
[2016-01-08 20:36:42] pushsender.DEBUG: asdf [] []
[2016-01-08 20:36:42] pushsender.DEBUG: called [] []
[2016-01-08 20:36:42] pushsender.DEBUG: file path  [] []
[2016-01-08 20:36:42] pushsender.DEBUG: src fil name 568fe0f11f83c.jpeg [] []
[2016-01-08 20:36:42] pushsender.DEBUG: file name 568fe0f674f98.jpeg [] []
[2016-01-08 20:36:42] pushsender.DEBUG: soruce gaufrette://avatar_source_image_fs/568fe0f11f83c.jpeg [] []
[2016-01-08 20:36:42] pushsender.DEBUG: avatar gaufrette://avatar_image_fs/568fe0f674f98.jpeg [] []
[2016-01-08 20:37:30] pushsender.DEBUG: asdf [] []
[2016-01-08 20:37:30] pushsender.DEBUG: called [] []
[2016-01-08 20:37:30] pushsender.DEBUG: file path  [] []
[2016-01-08 20:37:30] pushsender.DEBUG: src fil name 568fe0f11f83c.jpeg [] []
[2016-01-08 20:37:30] pushsender.DEBUG: file name 568fe0f674f98.jpeg [] []
[2016-01-08 20:37:30] pushsender.DEBUG: soruce gaufrette://avatar_source_image_fs/568fe0f11f83c.jpeg [] []
[2016-01-08 20:37:30] pushsender.DEBUG: avatar gaufrette://avatar_image_fs/568fe0f674f98.jpeg [] []
[2016-01-08 20:37:56] pushsender.DEBUG: asdf [] []
[2016-01-08 20:37:56] pushsender.DEBUG: called [] []
[2016-01-08 20:37:56] pushsender.DEBUG: file path  [] []
[2016-01-08 20:37:56] pushsender.DEBUG: src fil name 568fe0f11f83c.jpeg [] []
[2016-01-08 20:37:56] pushsender.DEBUG: file name 568fe0f674f98.jpeg [] []
[2016-01-08 20:37:56] pushsender.DEBUG: soruce gaufrette://avatar_source_image_fs/568fe0f11f83c.jpeg [] []
[2016-01-08 20:37:56] pushsender.DEBUG: avatar gaufrette://avatar_image_fs/568fe0f674f98.jpeg [] []
[2016-01-08 20:37:56] pushsender.DEBUG: s3://staginpowerline/avatars/ [] []
[2016-01-08 20:38:49] pushsender.DEBUG: asdf [] []
[2016-01-08 20:38:49] pushsender.DEBUG: called [] []
[2016-01-08 20:38:49] pushsender.DEBUG: file path  [] []
[2016-01-08 20:38:49] pushsender.DEBUG: src fil name 568fe0f11f83c.jpeg [] []
[2016-01-08 20:38:49] pushsender.DEBUG: file name 568fe0f674f98.jpeg [] []
[2016-01-08 20:38:49] pushsender.DEBUG: soruce gaufrette://avatar_source_image_fs/568fe0f11f83c.jpeg [] []
[2016-01-08 20:38:49] pushsender.DEBUG: avatar gaufrette://avatar_image_fs/568fe0f674f98.jpeg [] []
[2016-01-08 20:38:49] pushsender.DEBUG: s3://staginpowerline/avatars/ [] []
[2016-01-08 20:40:34] pushsender.DEBUG: asdf [] []
[2016-01-08 20:40:34] pushsender.DEBUG: called [] []
[2016-01-08 20:40:34] pushsender.DEBUG: file path  [] []
[2016-01-08 20:40:34] pushsender.DEBUG: src fil name 568fe0f11f83c.jpeg [] []
[2016-01-08 20:40:34] pushsender.DEBUG: file name 568fe0f674f98.jpeg [] []
[2016-01-08 20:40:34] pushsender.DEBUG: soruce gaufrette://avatar_source_image_fs/568fe0f11f83c.jpeg [] []
[2016-01-08 20:40:34] pushsender.DEBUG: avatar gaufrette://avatar_image_fs/568fe0f674f98.jpeg [] []
[2016-01-08 20:40:34] pushsender.DEBUG: s3://staginpowerline/avatars/ [] []
[2016-01-08 20:41:53] pushsender.DEBUG: asdf [] []
[2016-01-08 20:41:53] pushsender.DEBUG: called [] []
[2016-01-08 20:41:54] pushsender.DEBUG: file path  [] []
[2016-01-08 20:41:54] pushsender.DEBUG: src fil name 568fe0f11f83c.jpeg [] []
[2016-01-08 20:41:54] pushsender.DEBUG: file name 568fe0f674f98.jpeg [] []
[2016-01-08 20:41:54] pushsender.DEBUG: soruce gaufrette://avatar_source_image_fs/568fe0f11f83c.jpeg [] []
[2016-01-08 20:41:54] pushsender.DEBUG: avatar gaufrette://avatar_image_fs/568fe0f674f98.jpeg [] []
[2016-01-08 20:41:54] pushsender.DEBUG: s3://staginpowerline/avatars/ [] []
[2016-01-08 20:41:54] pushsender.DEBUG: dir  [] []
[2016-01-08 20:47:17] pushsender.DEBUG: asdf [] []
[2016-01-08 20:47:17] pushsender.DEBUG: called [] []
[2016-01-08 20:47:17] pushsender.DEBUG: file path  [] []
[2016-01-08 20:47:17] pushsender.DEBUG: src fil name 568fe0f11f83c.jpeg [] []
[2016-01-08 20:47:17] pushsender.DEBUG: file name 568fe0f674f98.jpeg [] []
[2016-01-08 20:47:17] pushsender.DEBUG: soruce gaufrette://avatar_source_image_fs/568fe0f11f83c.jpeg [] []
[2016-01-08 20:47:17] pushsender.DEBUG: avatar gaufrette://avatar_image_fs/568fe0f674f98.jpeg [] []
[2016-01-08 20:47:17] pushsender.DEBUG: s3://staginpowerline/avatars/ [] []
[2016-01-08 20:47:17] pushsender.DEBUG: dir  [] []
[2016-01-08 20:47:18] pushsender.DEBUG: asdf [] []
[2016-01-08 20:47:18] pushsender.DEBUG: called [] []
[2016-01-08 20:47:18] pushsender.DEBUG: file path  [] []
[2016-01-08 20:47:18] pushsender.DEBUG: src fil name 568fe0f11f83c.jpeg [] []
[2016-01-08 20:47:18] pushsender.DEBUG: file name 568fe0f674f98.jpeg [] []
[2016-01-08 20:47:18] pushsender.DEBUG: soruce gaufrette://avatar_source_image_fs/568fe0f11f83c.jpeg [] []
[2016-01-08 20:47:18] pushsender.DEBUG: avatar gaufrette://avatar_image_fs/568fe0f674f98.jpeg [] []
[2016-01-08 20:47:18] pushsender.DEBUG: s3://staginpowerline/avatars/ [] []
[2016-01-08 20:47:18] pushsender.DEBUG: dir  [] []
[2016-01-08 20:47:20] pushsender.DEBUG: asdf [] []
[2016-01-08 20:47:20] pushsender.DEBUG: called [] []
[2016-01-08 20:47:20] pushsender.DEBUG: file path  [] []
[2016-01-08 20:47:20] pushsender.DEBUG: src fil name 568fe0f11f83c.jpeg [] []
[2016-01-08 20:47:20] pushsender.DEBUG: file name 568fe0f674f98.jpeg [] []
[2016-01-08 20:47:20] pushsender.DEBUG: soruce gaufrette://avatar_source_image_fs/568fe0f11f83c.jpeg [] []
[2016-01-08 20:47:20] pushsender.DEBUG: avatar gaufrette://avatar_image_fs/568fe0f674f98.jpeg [] []
[2016-01-08 20:47:20] pushsender.DEBUG: s3://staginpowerline/avatars/ [] []
[2016-01-08 20:47:20] pushsender.DEBUG: dir  [] []
[2016-01-08 20:47:22] pushsender.DEBUG: asdf [] []
[2016-01-08 20:47:22] pushsender.DEBUG: called [] []
[2016-01-08 20:47:22] pushsender.DEBUG: file path  [] []
[2016-01-08 20:47:22] pushsender.DEBUG: src fil name 568fe0f11f83c.jpeg [] []
[2016-01-08 20:47:22] pushsender.DEBUG: file name 568fe0f674f98.jpeg [] []
[2016-01-08 20:47:22] pushsender.DEBUG: soruce gaufrette://avatar_source_image_fs/568fe0f11f83c.jpeg [] []
[2016-01-08 20:47:22] pushsender.DEBUG: avatar gaufrette://avatar_image_fs/568fe0f674f98.jpeg [] []
[2016-01-08 20:47:22] pushsender.DEBUG: s3://staginpowerline/avatars/ [] []
[2016-01-08 20:47:22] pushsender.DEBUG: dir  [] []
[2016-01-08 20:47:25] pushsender.DEBUG: asdf [] []
[2016-01-08 20:47:25] pushsender.DEBUG: called [] []
[2016-01-08 20:47:25] pushsender.DEBUG: file path  [] []
[2016-01-08 20:47:25] pushsender.DEBUG: src fil name 568fe0f11f83c.jpeg [] []
[2016-01-08 20:47:25] pushsender.DEBUG: file name 568fe0f674f98.jpeg [] []
[2016-01-08 20:47:25] pushsender.DEBUG: soruce gaufrette://avatar_source_image_fs/568fe0f11f83c.jpeg [] []
[2016-01-08 20:47:25] pushsender.DEBUG: avatar gaufrette://avatar_image_fs/568fe0f674f98.jpeg [] []
[2016-01-08 20:47:25] pushsender.DEBUG: s3://staginpowerline/avatars/ [] []
[2016-01-08 20:47:25] pushsender.DEBUG: dir  [] []
[2016-01-08 20:47:30] pushsender.DEBUG: asdf [] []
[2016-01-08 20:47:30] pushsender.DEBUG: called [] []
[2016-01-08 20:47:30] pushsender.DEBUG: file path  [] []
[2016-01-08 20:47:30] pushsender.DEBUG: src fil name 568fe0f11f83c.jpeg [] []
[2016-01-08 20:47:30] pushsender.DEBUG: file name 568fe0f674f98.jpeg [] []
[2016-01-08 20:47:30] pushsender.DEBUG: soruce gaufrette://avatar_source_image_fs/568fe0f11f83c.jpeg [] []
[2016-01-08 20:47:30] pushsender.DEBUG: avatar gaufrette://avatar_image_fs/568fe0f674f98.jpeg [] []
[2016-01-08 20:47:30] pushsender.DEBUG: s3://staginpowerline/avatars/ [] []
[2016-01-08 20:47:30] pushsender.DEBUG: dir  [] []
[2016-01-08 20:47:35] pushsender.DEBUG: asdf [] []
[2016-01-08 20:47:35] pushsender.DEBUG: called [] []
[2016-01-08 20:47:35] pushsender.DEBUG: file path  [] []
[2016-01-08 20:47:35] pushsender.DEBUG: src fil name 568fe0f11f83c.jpeg [] []
[2016-01-08 20:47:35] pushsender.DEBUG: file name 568fe0f674f98.jpeg [] []
[2016-01-08 20:47:35] pushsender.DEBUG: soruce gaufrette://avatar_source_image_fs/568fe0f11f83c.jpeg [] []
[2016-01-08 20:47:35] pushsender.DEBUG: avatar gaufrette://avatar_image_fs/568fe0f674f98.jpeg [] []
[2016-01-08 20:47:35] pushsender.DEBUG: s3://staginpowerline/avatars/ [] []
[2016-01-08 20:47:35] pushsender.DEBUG: dir  [] []
[2016-01-08 20:47:42] pushsender.DEBUG: asdf [] []
[2016-01-08 20:47:42] pushsender.DEBUG: called [] []
[2016-01-08 20:47:42] pushsender.DEBUG: file path  [] []
[2016-01-08 20:47:42] pushsender.DEBUG: src fil name 568fe0f11f83c.jpeg [] []
[2016-01-08 20:47:42] pushsender.DEBUG: file name 568fe0f674f98.jpeg [] []
[2016-01-08 20:47:42] pushsender.DEBUG: soruce gaufrette://avatar_source_image_fs/568fe0f11f83c.jpeg [] []
[2016-01-08 20:47:42] pushsender.DEBUG: avatar gaufrette://avatar_image_fs/568fe0f674f98.jpeg [] []
[2016-01-08 20:47:42] pushsender.DEBUG: s3://stagingpowerline/avatars/ [] []
[2016-01-08 20:47:42] pushsender.DEBUG: dir 1 [] []
[2016-01-08 20:47:42] pushsender.DEBUG: filename: 533a8e844e232.jpeg : filetype: file [] []
[2016-01-08 20:47:42] pushsender.DEBUG: filename: 533aa8d067ff0.jpeg : filetype: file [] []
[2016-01-08 20:47:42] pushsender.DEBUG: filename: 533aa9ca6b78d.jpeg : filetype: file [] []
[2016-01-08 20:47:42] pushsender.DEBUG: filename: 533aad2255a71.jpeg : filetype: file [] []
[2016-01-08 20:47:42] pushsender.DEBUG: filename: 533aad3b2a1bf.jpeg : filetype: file [] []
[2016-01-08 20:47:42] pushsender.DEBUG: filename: 533ab30dbfebb.jpeg : filetype: file [] []
[2016-01-08 20:47:42] pushsender.DEBUG: filename: 533ab314cf15e.jpeg : filetype: file [] []
[2016-01-08 20:47:42] pushsender.DEBUG: filename: 533dcd54572ce.jpeg : filetype: file [] []
[2016-01-08 20:47:42] pushsender.DEBUG: filename: 533dd943db89c.jpeg : filetype: file [] []
[2016-01-08 20:47:42] pushsender.DEBUG: filename: 53e99f267d9dc.png : filetype: file [] []
[2016-01-08 20:47:42] pushsender.DEBUG: filename: 542755ab28034.jpeg : filetype: file [] []
[2016-01-08 20:47:42] pushsender.DEBUG: filename: 542755c01f613.jpeg : filetype: file [] []
[2016-01-08 20:47:42] pushsender.DEBUG: filename: 542755c8c7aec.jpeg : filetype: file [] []
[2016-01-08 20:47:42] pushsender.DEBUG: filename: 543309ec37896.jpeg : filetype: file [] []
[2016-01-08 20:47:42] pushsender.DEBUG: filename: 54330a013ad93.jpeg : filetype: file [] []
[2016-01-08 20:47:42] pushsender.DEBUG: filename: 54330a0a8721a.jpeg : filetype: file [] []
[2016-01-08 20:47:42] pushsender.DEBUG: filename: 553150a8e574f.jpeg : filetype: file [] []
[2016-01-08 20:47:42] pushsender.DEBUG: filename: 553150c0b98cd.jpeg : filetype: file [] []
[2016-01-08 20:47:42] pushsender.DEBUG: filename: 557e1d6230211.jpeg : filetype: file [] []
[2016-01-08 20:47:42] pushsender.DEBUG: filename: 5580548011172.jpeg : filetype: file [] []
[2016-01-08 20:47:42] pushsender.DEBUG: filename: 5580a40152919.jpeg : filetype: file [] []
[2016-01-08 20:47:42] pushsender.DEBUG: filename: 5585c616498e6.jpeg : filetype: file [] []
[2016-01-08 20:47:42] pushsender.DEBUG: filename: 55d2ff9c32542.jpeg : filetype: file [] []
[2016-01-08 20:47:42] pushsender.DEBUG: filename: 55db106de8702.jpeg : filetype: file [] []
[2016-01-08 20:47:42] pushsender.DEBUG: filename: 55eee3488345a.jpeg : filetype: file [] []
[2016-01-08 20:47:42] pushsender.DEBUG: filename: 55f2b1615d6ce.jpeg : filetype: file [] []
[2016-01-08 20:47:42] pushsender.DEBUG: filename: 55f93b77ea882.jpeg : filetype: file [] []
[2016-01-08 20:47:42] pushsender.DEBUG: filename: 55ffd553ef07a.jpeg : filetype: file [] []
[2016-01-08 20:47:42] pushsender.DEBUG: filename: 560bc8ccb07dd.jpeg : filetype: file [] []
[2016-01-08 20:47:42] pushsender.DEBUG: filename: 560bc8e8ac84d.jpeg : filetype: file [] []
[2016-01-08 20:47:42] pushsender.DEBUG: filename: 561e493208eb7.jpeg : filetype: file [] []
[2016-01-08 20:47:42] pushsender.DEBUG: filename: 56213e219545d.jpeg : filetype: file [] []
[2016-01-08 20:47:42] pushsender.DEBUG: filename: 56303bd9c766a.jpeg : filetype: file [] []
[2016-01-08 20:47:42] pushsender.DEBUG: filename: 5630c377e06b3.jpeg : filetype: file [] []
[2016-01-08 20:47:42] pushsender.DEBUG: filename: 564c9269cdcd7.jpeg : filetype: file [] []
[2016-01-08 20:47:42] pushsender.DEBUG: filename: 568fd3fb534e9.jpeg : filetype: file [] []
[2016-01-08 20:47:42] pushsender.DEBUG: filename: 568fe0288ee8c.jpeg : filetype: file [] []
[2016-01-08 20:47:42] pushsender.DEBUG: filename: 568fe0f0eed62.jpeg : filetype: file [] []
[2016-01-08 20:47:42] pushsender.DEBUG: filename: 568fe0f674f98.jpeg : filetype: file [] []
[2016-01-08 20:47:42] pushsender.DEBUG: filename: representatives : filetype: dir [] []
[2016-01-08 20:47:42] pushsender.DEBUG: filename: src : filetype: dir [] []
[2016-01-08 21:44:48] pushsender.DEBUG: asdf [] []
[2016-01-08 21:44:48] pushsender.DEBUG: called [] []
[2016-01-08 21:44:50] pushsender.DEBUG: asdf [] []
[2016-01-08 21:44:50] pushsender.DEBUG: called [] []
[2016-01-08 21:44:51] pushsender.DEBUG: asdf [] []
[2016-01-08 21:44:51] pushsender.DEBUG: called [] []
[2016-01-08 21:44:54] pushsender.DEBUG: asdf [] []
[2016-01-08 21:44:54] pushsender.DEBUG: called [] []
[2016-01-08 21:44:57] pushsender.DEBUG: asdf [] []
[2016-01-08 21:44:57] pushsender.DEBUG: called [] []
[2016-01-08 21:45:01] pushsender.DEBUG: asdf [] []
[2016-01-08 21:45:01] pushsender.DEBUG: called [] []
[2016-01-08 21:45:07] pushsender.DEBUG: asdf [] []
[2016-01-08 21:45:07] pushsender.DEBUG: called [] []
[2016-01-08 21:45:13] pushsender.DEBUG: asdf [] []
[2016-01-08 21:45:13] pushsender.DEBUG: called [] []
[2016-01-08 21:45:20] pushsender.DEBUG: asdf [] []
[2016-01-08 21:45:20] pushsender.DEBUG: called [] []
[2016-01-08 21:45:29] pushsender.DEBUG: asdf [] []
[2016-01-08 21:45:29] pushsender.DEBUG: called [] []
[2016-01-08 21:45:38] pushsender.DEBUG: asdf [] []
[2016-01-08 21:45:38] pushsender.DEBUG: called [] []
[2016-01-08 21:45:49] pushsender.DEBUG: asdf [] []
[2016-01-08 21:45:49] pushsender.DEBUG: called [] []
[2016-01-08 21:46:00] pushsender.DEBUG: asdf [] []
[2016-01-08 21:46:00] pushsender.DEBUG: called [] []
[2016-01-08 21:46:12] pushsender.DEBUG: asdf [] []
[2016-01-08 21:46:12] pushsender.DEBUG: called [] []
[2016-01-08 21:46:26] pushsender.DEBUG: asdf [] []
[2016-01-08 21:46:26] pushsender.DEBUG: called [] []
[2016-01-08 21:46:26] pushsender.DEBUG: https://stagingpowerline.s3.amazonaws.com/568fe0f674f98.jpeg [] []
[2016-01-08 21:48:00] pushsender.DEBUG: asdf [] []
[2016-01-08 21:48:00] pushsender.DEBUG: called [] []
[2016-01-08 21:48:00] pushsender.DEBUG: https://stagingpowerline.s3.amazonaws.com/568fe0f674f98.jpeg [] []
[2016-01-08 21:48:24] pushsender.DEBUG: asdf [] []
[2016-01-08 21:48:24] pushsender.DEBUG: called [] []
[2016-01-08 21:48:24] pushsender.DEBUG: https://stagingpowerline.s3.amazonaws.com/568fe0f674f98.jpeg [] []
[2016-01-08 21:48:24] pushsender.DEBUG: https://stagingpowerline.s3.amazonaws.com/568fe0f674f98.jpeg [] []
[2016-01-08 21:50:05] pushsender.DEBUG: asdf [] []
[2016-01-08 21:50:05] pushsender.DEBUG: called [] []
[2016-01-08 21:50:05] pushsender.DEBUG: https://stagingpowerline.s3.amazonaws.com/avatars/568fe0f674f98.jpeg [] []
[2016-01-08 21:50:05] pushsender.DEBUG: https://stagingpowerline.s3.amazonaws.com/avatars/568fe0f674f98.jpeg [] []
[2016-01-08 21:56:39] pushsender.DEBUG: Trying to add to queueu!!!!! [] []
[2016-01-08 21:56:39] pushsender.DEBUG: Civix\CoreBundle\Service\PushSender sendPushPublishQuestion [] []
[2016-01-08 21:56:39] pushsender.DEBUG: asdf [] []
[2016-01-08 21:56:39] pushsender.DEBUG: called [] []
[2016-01-08 22:05:14] pushsender.DEBUG: asdf [] []
[2016-01-08 22:05:14] pushsender.DEBUG: called [] []
[2016-01-08 22:05:15] pushsender.DEBUG:  [] []
[2016-01-08 22:06:42] pushsender.DEBUG: asdf [] []
[2016-01-08 22:06:42] pushsender.DEBUG: called [] []
[2016-01-08 22:06:42] pushsender.DEBUG: https://stagingpowerline.s3.amazonaws.com/avatars/568fe0f674f98.jpeg [] []
[2016-01-08 22:13:16] pushsender.DEBUG: asdf [] []
[2016-01-08 22:13:16] pushsender.DEBUG: called [] []
[2016-01-08 22:13:17] pushsender.DEBUG: https://stagingpowerline.s3.amazonaws.com/avatars/568fe0f674f98.jpeg [] []
[2016-01-08 22:13:57] pushsender.DEBUG: Trying to add to queueu!!!!! [] []
[2016-01-08 22:13:57] pushsender.DEBUG: Civix\CoreBundle\Service\PushSender sendPushPublishQuestion [] []
[2016-01-08 22:13:57] pushsender.DEBUG: asdf [] []
[2016-01-08 22:13:57] pushsender.DEBUG: called [] []
